2025-07-22T18:28:08+01:00 [INFO] (codacy-cli-v2/cli-v2.go:27) Starting Codacy CLI version=1.0.0-main.349.sha.1b80ceb (1b80ceb) built at 2025-07-10T10:14:35Z
2025-07-22T18:28:08+01:00 [INFO] (codacy-cli-v2/cmd/root.go:34) Executing CLI command args=[] command=init full_command=[/home/wayne/.cache/codacy/codacy-cli-v2/1.0.0-main.349.sha.1b80ceb/codacy-cli-v2 init]
2025-07-22T18:28:20+01:00 [INFO] (codacy-cli-v2/cli-v2.go:27) Starting Codacy CLI version=1.0.0-main.349.sha.1b80ceb (1b80ceb) built at 2025-07-10T10:14:35Z
2025-07-22T18:28:20+01:00 [INFO] (codacy-cli-v2/cmd/root.go:34) Executing CLI command command=install full_command=[/home/wayne/.cache/codacy/codacy-cli-v2/1.0.0-main.349.sha.1b80ceb/codacy-cli-v2 install] args=[]
2025-07-22T18:28:20+01:00 [INFO] (codacy-cli-v2/cmd/install.go:78) Starting installation process
2025-07-22T18:28:20+01:00 [INFO] (codacy-cli-v2/cmd/install.go:107) Runtime scheduled for installation runtime=java version=17.0.10
2025-07-22T18:28:20+01:00 [INFO] (codacy-cli-v2/cmd/install.go:107) Runtime scheduled for installation runtime=node version=22.2.0
2025-07-22T18:28:20+01:00 [INFO] (codacy-cli-v2/cmd/install.go:107) Runtime scheduled for installation runtime=python version=3.11.11
2025-07-22T18:28:20+01:00 [INFO] (codacy-cli-v2/cmd/install.go:107) Runtime scheduled for installation runtime=dart version=3.7.2
2025-07-22T18:28:20+01:00 [INFO] (codacy-cli-v2/cmd/install.go:107) Runtime scheduled for installation runtime=go version=1.22.3
2025-07-22T18:28:20+01:00 [INFO] (codacy-cli-v2/cmd/install.go:116) Tool scheduled for installation version=3.7.2 tool=dartanalyzer
2025-07-22T18:28:20+01:00 [INFO] (codacy-cli-v2/cmd/install.go:116) Tool scheduled for installation tool=revive version=1.7.0
2025-07-22T18:28:20+01:00 [INFO] (codacy-cli-v2/cmd/install.go:116) Tool scheduled for installation tool=trivy version=0.59.1
2025-07-22T18:28:20+01:00 [INFO] (codacy-cli-v2/cmd/install.go:116) Tool scheduled for installation tool=eslint version=8.57.0
2025-07-22T18:28:20+01:00 [INFO] (codacy-cli-v2/cmd/install.go:116) Tool scheduled for installation version=1.17.19 tool=lizard
2025-07-22T18:28:20+01:00 [INFO] (codacy-cli-v2/cmd/install.go:116) Tool scheduled for installation tool=pmd version=7.11.0
2025-07-22T18:28:20+01:00 [INFO] (codacy-cli-v2/cmd/install.go:116) Tool scheduled for installation tool=pylint version=3.3.6
2025-07-22T18:28:20+01:00 [INFO] (codacy-cli-v2/cmd/install.go:116) Tool scheduled for installation tool=semgrep version=1.78.0
2025-07-22T18:28:20+01:00 [INFO] (codacy-cli-v2/cmd/install.go:157) Installing runtime runtime=java version=17.0.10
2025-07-22T18:28:20+01:00 [DEBUG] (codacy-cli-v2/config/runtimes-installer.go:94) Downloading runtime downloadURL=https://github.com/adoptium/temurin17-binaries/releases/download/jdk-17.0.10%2B7/OpenJDK17U-jdk_x64_linux_hotspot_17.0.10_7.tar.gz downloadPath=/home/wayne/.cache/codacy/runtimes/OpenJDK17U-jdk_x64_linux_hotspot_17.0.10_7.tar.gz runtime=java version=17.0.10
2025-07-22T18:28:20+01:00 [DEBUG] (codacy-cli-v2/utils/download.go:15) Attempting to download from URL url=https://github.com/adoptium/temurin17-binaries/releases/download/jdk-17.0.10%2B7/OpenJDK17U-jdk_x64_linux_hotspot_17.0.10_7.tar.gz
2025-07-22T18:28:20+01:00 [DEBUG] (codacy-cli-v2/utils/download.go:21) Target filename determined fileName=OpenJDK17U-jdk_x64_linux_hotspot_17.0.10_7.tar.gz
2025-07-22T18:28:20+01:00 [DEBUG] (codacy-cli-v2/utils/download.go:27) Destination path set destPath=/home/wayne/.cache/codacy/runtimes/OpenJDK17U-jdk_x64_linux_hotspot_17.0.10_7.tar.gz
2025-07-22T18:28:20+01:00 [DEBUG] (codacy-cli-v2/utils/download.go:47) Making HTTP GET request url=https://github.com/adoptium/temurin17-binaries/releases/download/jdk-17.0.10%2B7/OpenJDK17U-jdk_x64_linux_hotspot_17.0.10_7.tar.gz
2025-07-22T18:28:40+01:00 [DEBUG] (codacy-cli-v2/utils/download.go:69) Downloading file content
2025-07-22T18:28:55+01:00 [DEBUG] (codacy-cli-v2/utils/download.go:74) Downloaded file successfully bytes=192205930
2025-07-22T18:28:55+01:00 [DEBUG] (codacy-cli-v2/config/runtimes-installer.go:122) Extracting runtime extractDirectory=/home/wayne/.cache/codacy/runtimes runtime=java version=17.0.10 fileName=OpenJDK17U-jdk_x64_linux_hotspot_17.0.10_7.tar.gz
2025-07-22T18:28:56+01:00 [DEBUG] (codacy-cli-v2/config/runtimes-installer.go:151) Runtime extraction completed version=17.0.10 runtime=java
2025-07-22T18:28:56+01:00 [INFO] (codacy-cli-v2/cmd/install.go:173) Successfully installed runtime version=17.0.10 runtime=java
2025-07-22T18:28:56+01:00 [INFO] (codacy-cli-v2/cmd/install.go:157) Installing runtime runtime=node version=22.2.0
2025-07-22T18:28:56+01:00 [DEBUG] (codacy-cli-v2/config/runtimes-installer.go:94) Downloading runtime downloadPath=/home/wayne/.cache/codacy/runtimes/node-v22.2.0-linux-x64.tar.gz runtime=node version=22.2.0 downloadURL=https://nodejs.org/dist/v22.2.0/node-v22.2.0-linux-x64.tar.gz
2025-07-22T18:28:56+01:00 [DEBUG] (codacy-cli-v2/utils/download.go:15) Attempting to download from URL url=https://nodejs.org/dist/v22.2.0/node-v22.2.0-linux-x64.tar.gz
2025-07-22T18:28:56+01:00 [DEBUG] (codacy-cli-v2/utils/download.go:21) Target filename determined fileName=node-v22.2.0-linux-x64.tar.gz
2025-07-22T18:28:56+01:00 [DEBUG] (codacy-cli-v2/utils/download.go:27) Destination path set destPath=/home/wayne/.cache/codacy/runtimes/node-v22.2.0-linux-x64.tar.gz
2025-07-22T18:28:56+01:00 [DEBUG] (codacy-cli-v2/utils/download.go:47) Making HTTP GET request url=https://nodejs.org/dist/v22.2.0/node-v22.2.0-linux-x64.tar.gz
2025-07-22T18:28:56+01:00 [DEBUG] (codacy-cli-v2/utils/download.go:69) Downloading file content
2025-07-22T18:29:00+01:00 [DEBUG] (codacy-cli-v2/utils/download.go:74) Downloaded file successfully bytes=50687648
2025-07-22T18:29:00+01:00 [DEBUG] (codacy-cli-v2/config/runtimes-installer.go:122) Extracting runtime runtime=node version=22.2.0 fileName=node-v22.2.0-linux-x64.tar.gz extractDirectory=/home/wayne/.cache/codacy/runtimes
2025-07-22T18:29:01+01:00 [DEBUG] (codacy-cli-v2/config/runtimes-installer.go:151) Runtime extraction completed runtime=node version=22.2.0
2025-07-22T18:29:01+01:00 [INFO] (codacy-cli-v2/cmd/install.go:173) Successfully installed runtime runtime=node version=22.2.0
2025-07-22T18:29:01+01:00 [INFO] (codacy-cli-v2/cmd/install.go:157) Installing runtime version=3.11.11 runtime=python
2025-07-22T18:29:01+01:00 [DEBUG] (codacy-cli-v2/config/runtimes-installer.go:94) Downloading runtime downloadURL=https://github.com/astral-sh/python-build-standalone/releases/download/20250317/cpython-3.11.11+20250317-x86_64-unknown-linux-gnu-install_only.tar.gz downloadPath=/home/wayne/.cache/codacy/runtimes/cpython-3.11.11+20250317-x86_64-unknown-linux-gnu-install_only.tar.gz runtime=python version=3.11.11
2025-07-22T18:29:01+01:00 [DEBUG] (codacy-cli-v2/utils/download.go:15) Attempting to download from URL url=https://github.com/astral-sh/python-build-standalone/releases/download/20250317/cpython-3.11.11+20250317-x86_64-unknown-linux-gnu-install_only.tar.gz
2025-07-22T18:29:01+01:00 [DEBUG] (codacy-cli-v2/utils/download.go:21) Target filename determined fileName=cpython-3.11.11+20250317-x86_64-unknown-linux-gnu-install_only.tar.gz
2025-07-22T18:29:01+01:00 [DEBUG] (codacy-cli-v2/utils/download.go:27) Destination path set destPath=/home/wayne/.cache/codacy/runtimes/cpython-3.11.11+20250317-x86_64-unknown-linux-gnu-install_only.tar.gz
2025-07-22T18:29:01+01:00 [DEBUG] (codacy-cli-v2/utils/download.go:47) Making HTTP GET request url=https://github.com/astral-sh/python-build-standalone/releases/download/20250317/cpython-3.11.11+20250317-x86_64-unknown-linux-gnu-install_only.tar.gz
2025-07-22T18:29:11+01:00 [DEBUG] (codacy-cli-v2/utils/download.go:69) Downloading file content
2025-07-22T18:29:14+01:00 [DEBUG] (codacy-cli-v2/utils/download.go:74) Downloaded file successfully bytes=30030843
2025-07-22T18:29:14+01:00 [DEBUG] (codacy-cli-v2/config/runtimes-installer.go:122) Extracting runtime runtime=python version=3.11.11 fileName=cpython-3.11.11+20250317-x86_64-unknown-linux-gnu-install_only.tar.gz extractDirectory=/home/wayne/.cache/codacy/runtimes
2025-07-22T18:29:14+01:00 [DEBUG] (codacy-cli-v2/config/runtimes-installer.go:151) Runtime extraction completed runtime=python version=3.11.11
2025-07-22T18:29:14+01:00 [INFO] (codacy-cli-v2/cmd/install.go:173) Successfully installed runtime version=3.11.11 runtime=python
2025-07-22T18:29:14+01:00 [INFO] (codacy-cli-v2/cmd/install.go:157) Installing runtime runtime=dart version=3.7.2
2025-07-22T18:29:14+01:00 [DEBUG] (codacy-cli-v2/config/runtimes-installer.go:94) Downloading runtime runtime=dart version=3.7.2 downloadURL=https://storage.googleapis.com/dart-archive/channels/stable/release/3.7.2/sdk/dartsdk-linux-x64-release.zip downloadPath=/home/wayne/.cache/codacy/runtimes/dartsdk-linux-x64-release.zip
2025-07-22T18:29:14+01:00 [DEBUG] (codacy-cli-v2/utils/download.go:15) Attempting to download from URL url=https://storage.googleapis.com/dart-archive/channels/stable/release/3.7.2/sdk/dartsdk-linux-x64-release.zip
2025-07-22T18:29:14+01:00 [DEBUG] (codacy-cli-v2/utils/download.go:21) Target filename determined fileName=dartsdk-linux-x64-release.zip
2025-07-22T18:29:14+01:00 [DEBUG] (codacy-cli-v2/utils/download.go:27) Destination path set destPath=/home/wayne/.cache/codacy/runtimes/dartsdk-linux-x64-release.zip
2025-07-22T18:29:14+01:00 [DEBUG] (codacy-cli-v2/utils/download.go:47) Making HTTP GET request url=https://storage.googleapis.com/dart-archive/channels/stable/release/3.7.2/sdk/dartsdk-linux-x64-release.zip
2025-07-22T18:29:14+01:00 [DEBUG] (codacy-cli-v2/utils/download.go:69) Downloading file content
2025-07-22T18:29:31+01:00 [DEBUG] (codacy-cli-v2/utils/download.go:74) Downloaded file successfully bytes=216708830
2025-07-22T18:29:31+01:00 [DEBUG] (codacy-cli-v2/config/runtimes-installer.go:122) Extracting runtime version=3.7.2 fileName=dartsdk-linux-x64-release.zip extractDirectory=/home/wayne/.cache/codacy/runtimes runtime=dart
2025-07-22T18:29:34+01:00 [DEBUG] (codacy-cli-v2/config/runtimes-installer.go:151) Runtime extraction completed runtime=dart version=3.7.2
2025-07-22T18:29:34+01:00 [INFO] (codacy-cli-v2/cmd/install.go:173) Successfully installed runtime runtime=dart version=3.7.2
2025-07-22T18:29:34+01:00 [INFO] (codacy-cli-v2/cmd/install.go:157) Installing runtime runtime=go version=1.22.3
2025-07-22T18:29:34+01:00 [DEBUG] (codacy-cli-v2/config/runtimes-installer.go:94) Downloading runtime version=1.22.3 downloadURL=https://go.dev/dl/go1.22.3.linux-amd64.tar.gz downloadPath=/home/wayne/.cache/codacy/runtimes/go1.22.3.linux-amd64.tar.gz runtime=go
2025-07-22T18:29:34+01:00 [DEBUG] (codacy-cli-v2/utils/download.go:15) Attempting to download from URL url=https://go.dev/dl/go1.22.3.linux-amd64.tar.gz
2025-07-22T18:29:34+01:00 [DEBUG] (codacy-cli-v2/utils/download.go:21) Target filename determined fileName=go1.22.3.linux-amd64.tar.gz
2025-07-22T18:29:34+01:00 [DEBUG] (codacy-cli-v2/utils/download.go:27) Destination path set destPath=/home/wayne/.cache/codacy/runtimes/go1.22.3.linux-amd64.tar.gz
2025-07-22T18:29:34+01:00 [DEBUG] (codacy-cli-v2/utils/download.go:47) Making HTTP GET request url=https://go.dev/dl/go1.22.3.linux-amd64.tar.gz
2025-07-22T18:29:35+01:00 [DEBUG] (codacy-cli-v2/utils/download.go:69) Downloading file content
2025-07-22T18:29:40+01:00 [DEBUG] (codacy-cli-v2/utils/download.go:74) Downloaded file successfully bytes=68958945
2025-07-22T18:29:40+01:00 [DEBUG] (codacy-cli-v2/config/runtimes-installer.go:122) Extracting runtime extractDirectory=/home/wayne/.cache/codacy/runtimes runtime=go version=1.22.3 fileName=go1.22.3.linux-amd64.tar.gz
2025-07-22T18:29:41+01:00 [DEBUG] (codacy-cli-v2/config/runtimes-installer.go:151) Runtime extraction completed runtime=go version=1.22.3
2025-07-22T18:29:41+01:00 [INFO] (codacy-cli-v2/cmd/install.go:173) Successfully installed runtime runtime=go version=1.22.3
2025-07-22T18:29:41+01:00 [INFO] (codacy-cli-v2/cmd/install.go:185) Installing tool tool=eslint version=8.57.0
2025-07-22T18:29:41+01:00 [DEBUG] (codacy-cli-v2/config/tools-installer.go:134) Installing runtime-based tool version=8.57.0 runtime=node tool=eslint
2025-07-22T18:29:41+01:00 [DEBUG] (codacy-cli-v2/config/tools-installer.go:203) Installing tool command=install --prefix /home/wayne/.cache/codacy/tools/eslint@8.57.0 eslint@8.57.0 @microsoft/eslint-formatter-sarif tool=eslint version=8.57.0 packageManager=npm packageManagerBin=/home/wayne/.cache/codacy/runtimes/node-v22.2.0-linux-x64/bin/npm
2025-07-22T18:29:41+01:00 [DEBUG] (codacy-cli-v2/config/tools-installer.go:233) Setting PATH environment for ESLint installation newPath=/home/wayne/.cache/codacy/runtimes/node-v22.2.0-linux-x64/bin:/usr/local/sbin:/usr/local/bin:/usr/sbin:/usr/bin:/sbin:/bin:/usr/games:/usr/local/games:/usr/lib/wsl/lib nodeDir=/home/wayne/.cache/codacy/runtimes/node-v22.2.0-linux-x64/bin currentPath=/usr/local/sbin:/usr/local/bin:/usr/sbin:/usr/bin:/sbin:/bin:/usr/games:/usr/local/games:/usr/lib/wsl/lib
2025-07-22T18:29:41+01:00 [DEBUG] (codacy-cli-v2/config/tools-installer.go:242) Running command command=/home/wayne/.cache/codacy/runtimes/node-v22.2.0-linux-x64/bin/npm install --prefix /home/wayne/.cache/codacy/tools/eslint@8.57.0 eslint@8.57.0 @microsoft/eslint-formatter-sarif
2025-07-22T18:29:46+01:00 [DEBUG] (codacy-cli-v2/config/tools-installer.go:250) Tool installation completed tool=eslint version=8.57.0
2025-07-22T18:29:46+01:00 [INFO] (codacy-cli-v2/cmd/install.go:201) Successfully installed tool tool=eslint version=8.57.0
2025-07-22T18:29:46+01:00 [INFO] (codacy-cli-v2/cmd/install.go:185) Installing tool tool=lizard version=1.17.19
2025-07-22T18:29:46+01:00 [DEBUG] (codacy-cli-v2/config/tools-installer.go:125) Installing Python tool version=1.17.19 tool=lizard
2025-07-22T18:29:46+01:00 [DEBUG] (codacy-cli-v2/config/tools-installer.go:334) Starting Python tool installation tool=lizard version=1.17.19
2025-07-22T18:29:46+01:00 [DEBUG] (codacy-cli-v2/config/tools-installer.go:361) Creating Python virtual environment venvDir=/home/wayne/.cache/codacy/tools/lizard@1.17.19/venv tool=lizard version=1.17.19
2025-07-22T18:29:48+01:00 [DEBUG] (codacy-cli-v2/config/tools-installer.go:375) Installing Python package tool=lizard version=1.17.19 pipPath=/home/wayne/.cache/codacy/tools/lizard@1.17.19/venv/bin/pip
2025-07-22T18:29:50+01:00 [DEBUG] (codacy-cli-v2/config/tools-installer.go:387) Python tool installation completed tool=lizard version=1.17.19
2025-07-22T18:29:50+01:00 [INFO] (codacy-cli-v2/cmd/install.go:201) Successfully installed tool tool=lizard version=1.17.19
2025-07-22T18:29:50+01:00 [INFO] (codacy-cli-v2/cmd/install.go:185) Installing tool tool=pmd version=7.11.0
2025-07-22T18:29:50+01:00 [DEBUG] (codacy-cli-v2/config/tools-installer.go:114) Installing download-based tool tool=pmd version=7.11.0 downloadURL=https://github.com/pmd/pmd/releases/download/pmd_releases%2F7.11.0/pmd-dist-7.11.0-bin.zip
2025-07-22T18:29:50+01:00 [DEBUG] (codacy-cli-v2/config/tools-installer.go:267) Downloading tool downloadPath=/home/wayne/.cache/codacy/tools/pmd-dist-7.11.0-bin.zip tool=pmd version=7.11.0 downloadURL=https://github.com/pmd/pmd/releases/download/pmd_releases%2F7.11.0/pmd-dist-7.11.0-bin.zip
2025-07-22T18:29:50+01:00 [DEBUG] (codacy-cli-v2/utils/download.go:15) Attempting to download from URL url=https://github.com/pmd/pmd/releases/download/pmd_releases%2F7.11.0/pmd-dist-7.11.0-bin.zip
2025-07-22T18:29:50+01:00 [DEBUG] (codacy-cli-v2/utils/download.go:21) Target filename determined fileName=pmd-dist-7.11.0-bin.zip
2025-07-22T18:29:50+01:00 [DEBUG] (codacy-cli-v2/utils/download.go:27) Destination path set destPath=/home/wayne/.cache/codacy/tools/pmd-dist-7.11.0-bin.zip
2025-07-22T18:29:50+01:00 [DEBUG] (codacy-cli-v2/utils/download.go:47) Making HTTP GET request url=https://github.com/pmd/pmd/releases/download/pmd_releases%2F7.11.0/pmd-dist-7.11.0-bin.zip
2025-07-22T18:30:00+01:00 [DEBUG] (codacy-cli-v2/utils/download.go:69) Downloading file content
2025-07-22T18:30:05+01:00 [DEBUG] (codacy-cli-v2/utils/download.go:74) Downloaded file successfully bytes=70848348
2025-07-22T18:30:05+01:00 [DEBUG] (codacy-cli-v2/config/tools-installer.go:301) Extracting tool fileName=pmd-dist-7.11.0-bin.zip extractDirectory=/home/wayne/.cache/codacy/tools/pmd@7.11.0 tool=pmd version=7.11.0
2025-07-22T18:30:06+01:00 [DEBUG] (codacy-cli-v2/config/tools-installer.go:326) Tool extraction completed version=7.11.0 tool=pmd
2025-07-22T18:30:06+01:00 [INFO] (codacy-cli-v2/cmd/install.go:201) Successfully installed tool version=7.11.0 tool=pmd
2025-07-22T18:30:06+01:00 [INFO] (codacy-cli-v2/cmd/install.go:185) Installing tool tool=pylint version=3.3.6
2025-07-22T18:30:06+01:00 [DEBUG] (codacy-cli-v2/config/tools-installer.go:125) Installing Python tool version=3.3.6 tool=pylint
2025-07-22T18:30:06+01:00 [DEBUG] (codacy-cli-v2/config/tools-installer.go:334) Starting Python tool installation version=3.3.6 tool=pylint
2025-07-22T18:30:06+01:00 [DEBUG] (codacy-cli-v2/config/tools-installer.go:361) Creating Python virtual environment venvDir=/home/wayne/.cache/codacy/tools/pylint@3.3.6/venv tool=pylint version=3.3.6
2025-07-22T18:30:08+01:00 [DEBUG] (codacy-cli-v2/config/tools-installer.go:375) Installing Python package tool=pylint version=3.3.6 pipPath=/home/wayne/.cache/codacy/tools/pylint@3.3.6/venv/bin/pip
2025-07-22T18:30:10+01:00 [DEBUG] (codacy-cli-v2/config/tools-installer.go:387) Python tool installation completed tool=pylint version=3.3.6
2025-07-22T18:30:10+01:00 [INFO] (codacy-cli-v2/cmd/install.go:201) Successfully installed tool tool=pylint version=3.3.6
2025-07-22T18:30:10+01:00 [INFO] (codacy-cli-v2/cmd/install.go:185) Installing tool tool=semgrep version=1.78.0
2025-07-22T18:30:10+01:00 [DEBUG] (codacy-cli-v2/config/tools-installer.go:125) Installing Python tool tool=semgrep version=1.78.0
2025-07-22T18:30:10+01:00 [DEBUG] (codacy-cli-v2/config/tools-installer.go:334) Starting Python tool installation tool=semgrep version=1.78.0
2025-07-22T18:30:10+01:00 [DEBUG] (codacy-cli-v2/config/tools-installer.go:361) Creating Python virtual environment tool=semgrep version=1.78.0 venvDir=/home/wayne/.cache/codacy/tools/semgrep@1.78.0/venv
2025-07-22T18:30:12+01:00 [DEBUG] (codacy-cli-v2/config/tools-installer.go:375) Installing Python package tool=semgrep version=1.78.0 pipPath=/home/wayne/.cache/codacy/tools/semgrep@1.78.0/venv/bin/pip
2025-07-22T18:30:23+01:00 [DEBUG] (codacy-cli-v2/config/tools-installer.go:387) Python tool installation completed tool=semgrep version=1.78.0
2025-07-22T18:30:23+01:00 [INFO] (codacy-cli-v2/cmd/install.go:201) Successfully installed tool tool=semgrep version=1.78.0
2025-07-22T18:30:23+01:00 [INFO] (codacy-cli-v2/cmd/install.go:185) Installing tool tool=revive version=1.7.0
2025-07-22T18:30:23+01:00 [DEBUG] (codacy-cli-v2/config/tools-installer.go:134) Installing runtime-based tool tool=revive version=1.7.0 runtime=go
2025-07-22T18:30:23+01:00 [DEBUG] (codacy-cli-v2/config/tools-installer.go:203) Installing tool tool=revive version=1.7.0 packageManager=go packageManagerBin=/home/wayne/.cache/codacy/runtimes/go/bin/go command=install github.com/mgechev/revive@v1.7.0
2025-07-22T18:30:23+01:00 [DEBUG] (codacy-cli-v2/config/tools-installer.go:242) Running command command=/home/wayne/.cache/codacy/runtimes/go/bin/go install github.com/mgechev/revive@v1.7.0
2025-07-22T18:30:31+01:00 [DEBUG] (codacy-cli-v2/config/tools-installer.go:250) Tool installation completed version=1.7.0 tool=revive
2025-07-22T18:30:31+01:00 [INFO] (codacy-cli-v2/cmd/install.go:201) Successfully installed tool version=1.7.0 tool=revive
2025-07-22T18:30:31+01:00 [INFO] (codacy-cli-v2/cmd/install.go:185) Installing tool tool=trivy version=0.59.1
2025-07-22T18:30:31+01:00 [DEBUG] (codacy-cli-v2/config/tools-installer.go:114) Installing download-based tool version=0.59.1 downloadURL=https://github.com/aquasecurity/trivy/releases/download/v0.59.1/trivy_0.59.1_Linux-64bit.tar.gz tool=trivy
2025-07-22T18:30:31+01:00 [DEBUG] (codacy-cli-v2/config/tools-installer.go:267) Downloading tool tool=trivy version=0.59.1 downloadURL=https://github.com/aquasecurity/trivy/releases/download/v0.59.1/trivy_0.59.1_Linux-64bit.tar.gz downloadPath=/home/wayne/.cache/codacy/tools/trivy_0.59.1_Linux-64bit.tar.gz
2025-07-22T18:30:31+01:00 [DEBUG] (codacy-cli-v2/utils/download.go:15) Attempting to download from URL url=https://github.com/aquasecurity/trivy/releases/download/v0.59.1/trivy_0.59.1_Linux-64bit.tar.gz
2025-07-22T18:30:31+01:00 [DEBUG] (codacy-cli-v2/utils/download.go:21) Target filename determined fileName=trivy_0.59.1_Linux-64bit.tar.gz
2025-07-22T18:30:31+01:00 [DEBUG] (codacy-cli-v2/utils/download.go:27) Destination path set destPath=/home/wayne/.cache/codacy/tools/trivy_0.59.1_Linux-64bit.tar.gz
2025-07-22T18:30:31+01:00 [DEBUG] (codacy-cli-v2/utils/download.go:47) Making HTTP GET request url=https://github.com/aquasecurity/trivy/releases/download/v0.59.1/trivy_0.59.1_Linux-64bit.tar.gz
2025-07-22T18:30:42+01:00 [DEBUG] (codacy-cli-v2/utils/download.go:69) Downloading file content
2025-07-22T18:30:45+01:00 [DEBUG] (codacy-cli-v2/utils/download.go:74) Downloaded file successfully bytes=43682095
2025-07-22T18:30:45+01:00 [DEBUG] (codacy-cli-v2/config/tools-installer.go:301) Extracting tool fileName=trivy_0.59.1_Linux-64bit.tar.gz extractDirectory=/home/wayne/.cache/codacy/tools/trivy@0.59.1 tool=trivy version=0.59.1
2025-07-22T18:30:45+01:00 [DEBUG] (codacy-cli-v2/config/tools-installer.go:326) Tool extraction completed tool=trivy version=0.59.1
2025-07-22T18:30:45+01:00 [INFO] (codacy-cli-v2/cmd/install.go:201) Successfully installed tool tool=trivy version=0.59.1
2025-07-22T18:30:45+01:00 [INFO] (codacy-cli-v2/cmd/install.go:240) Installation completed successfully
2025-07-22T18:30:46+01:00 [INFO] (codacy-cli-v2/cli-v2.go:27) Starting Codacy CLI version=1.0.0-main.349.sha.1b80ceb (1b80ceb) built at 2025-07-10T10:14:35Z
2025-07-22T18:30:46+01:00 [INFO] (codacy-cli-v2/cmd/root.go:34) Executing CLI command full_command=[/home/wayne/.cache/codacy/codacy-cli-v2/1.0.0-main.349.sha.1b80ceb/codacy-cli-v2 analyze --format sarif] args=[] command=analyze
2025-07-22T18:30:46+01:00 [INFO] (codacy-cli-v2/cmd/analyze.go:334) Config file found for tool tool=dartanalyzer toolConfigPath=.codacy/tools-configs/analysis_options.yaml
2025-07-22T18:30:47+01:00 [INFO] (codacy-cli-v2/cmd/analyze.go:334) Config file found for tool toolConfigPath=.codacy/tools-configs/eslint.config.mjs tool=eslint
2025-07-22T18:30:48+01:00 [INFO] (codacy-cli-v2/cmd/analyze.go:334) Config file found for tool tool=lizard toolConfigPath=.codacy/tools-configs/lizard.yaml
2025-07-22T18:30:49+01:00 [INFO] (codacy-cli-v2/cmd/analyze.go:334) Config file found for tool tool=pmd toolConfigPath=.codacy/tools-configs/ruleset.xml
2025-07-22T18:30:49+01:00 [DEBUG] (codacy-cli-v2/tools/pmdRunner.go:32) PMD binary path pmdBinary=/home/wayne/.cache/codacy/tools/pmd@7.11.0/pmd-bin-7.11.0/bin/pmd
2025-07-22T18:30:49+01:00 [DEBUG] (codacy-cli-v2/tools/pmdRunner.go:98) Setting up Java environment javaHome=/home/wayne/.cache/codacy/runtimes/jdk-17.0.10+7
2025-07-22T18:30:49+01:00 [DEBUG] (codacy-cli-v2/tools/pmdRunner.go:144) Updated environment variables binDir=/home/wayne/.cache/codacy/runtimes/jdk-17.0.10+7/bin javaBinary=/home/wayne/.cache/codacy/runtimes/jdk-17.0.10+7/bin/java javaHome=JAVA_HOME=/home/wayne/.cache/codacy/runtimes/jdk-17.0.10+7 path=PATH=/home/wayne/.cache/codacy/runtimes/jdk-17.0.10+7/bin:/usr/local/sbin:/usr/local/bin:/usr/sbin:/usr/bin:/sbin:/bin:/usr/games:/usr/local/games:/usr/lib/wsl/lib
2025-07-22T18:30:49+01:00 [DEBUG] (codacy-cli-v2/tools/pmdRunner.go:160) Running PMD command command=/home/wayne/.cache/codacy/tools/pmd@7.11.0/pmd-bin-7.11.0/bin/pmd check --no-fail-on-violation -R .codacy/tools-configs/ruleset.xml -d /mnt/c/Users/wayne/GitHub/Python/Projects/Ancestry -f sarif -r /tmp/codacy-analysis-1544924484/pmd.sarif
2025-07-22T18:30:53+01:00 [INFO] (codacy-cli-v2/cmd/analyze.go:334) Config file found for tool tool=pylint toolConfigPath=.codacy/tools-configs/pylint.rc
2025-07-22T18:32:19+01:00 [INFO] (codacy-cli-v2/cmd/analyze.go:334) Config file found for tool toolConfigPath=.codacy/tools-configs/revive.toml tool=revive
2025-07-22T18:32:19+01:00 [DEBUG] (codacy-cli-v2/tools/revive/reviveRunner.go:53) Running Revive command command=/home/wayne/.cache/codacy/tools/revive@1.7.0/revive -config .codacy/tools-configs/revive.toml -formatter sarif ./...
2025-07-22T18:32:29+01:00 [INFO] (codacy-cli-v2/cmd/analyze.go:334) Config file found for tool tool=trivy toolConfigPath=.codacy/tools-configs/trivy.yaml
2025-07-22T19:33:15+01:00 [INFO] (codacy-cli-v2/cli-v2.go:27) Starting Codacy CLI version=1.0.0-main.349.sha.1b80ceb (1b80ceb) built at 2025-07-10T10:14:35Z
2025-07-22T19:33:15+01:00 [INFO] (codacy-cli-v2/cmd/root.go:34) Executing CLI command command=analyze full_command=[/home/wayne/.cache/codacy/codacy-cli-v2/1.0.0-main.349.sha.1b80ceb/codacy-cli-v2 analyze --format sarif] args=[]
2025-07-22T19:33:15+01:00 [INFO] (codacy-cli-v2/cmd/analyze.go:334) Config file found for tool tool=trivy toolConfigPath=.codacy/tools-configs/trivy.yaml
2025-07-22T19:33:16+01:00 [INFO] (codacy-cli-v2/cmd/analyze.go:334) Config file found for tool toolConfigPath=.codacy/tools-configs/analysis_options.yaml tool=dartanalyzer
2025-07-22T19:33:18+01:00 [INFO] (codacy-cli-v2/cmd/analyze.go:334) Config file found for tool tool=eslint toolConfigPath=.codacy/tools-configs/eslint.config.mjs
2025-07-22T19:33:18+01:00 [INFO] (codacy-cli-v2/cmd/analyze.go:334) Config file found for tool tool=lizard toolConfigPath=.codacy/tools-configs/lizard.yaml
2025-07-22T19:33:20+01:00 [INFO] (codacy-cli-v2/cmd/analyze.go:334) Config file found for tool tool=pmd toolConfigPath=.codacy/tools-configs/ruleset.xml
2025-07-22T19:33:20+01:00 [DEBUG] (codacy-cli-v2/tools/pmdRunner.go:32) PMD binary path pmdBinary=/home/wayne/.cache/codacy/tools/pmd@7.11.0/pmd-bin-7.11.0/bin/pmd
2025-07-22T19:33:20+01:00 [DEBUG] (codacy-cli-v2/tools/pmdRunner.go:98) Setting up Java environment javaHome=/home/wayne/.cache/codacy/runtimes/jdk-17.0.10+7
2025-07-22T19:33:20+01:00 [DEBUG] (codacy-cli-v2/tools/pmdRunner.go:144) Updated environment variables binDir=/home/wayne/.cache/codacy/runtimes/jdk-17.0.10+7/bin javaBinary=/home/wayne/.cache/codacy/runtimes/jdk-17.0.10+7/bin/java javaHome=JAVA_HOME=/home/wayne/.cache/codacy/runtimes/jdk-17.0.10+7 path=PATH=/home/wayne/.cache/codacy/runtimes/jdk-17.0.10+7/bin:/usr/local/sbin:/usr/local/bin:/usr/sbin:/usr/bin:/sbin:/bin:/usr/games:/usr/local/games:/usr/lib/wsl/lib
2025-07-22T19:33:20+01:00 [DEBUG] (codacy-cli-v2/tools/pmdRunner.go:160) Running PMD command command=/home/wayne/.cache/codacy/tools/pmd@7.11.0/pmd-bin-7.11.0/bin/pmd check --no-fail-on-violation -R .codacy/tools-configs/ruleset.xml -d /mnt/c/Users/wayne/GitHub/Python/Projects/Ancestry -f sarif -r /tmp/codacy-analysis-4174632490/pmd.sarif
2025-07-22T19:33:24+01:00 [INFO] (codacy-cli-v2/cmd/analyze.go:334) Config file found for tool tool=pylint toolConfigPath=.codacy/tools-configs/pylint.rc
2025-07-22T19:34:50+01:00 [INFO] (codacy-cli-v2/cmd/analyze.go:334) Config file found for tool tool=revive toolConfigPath=.codacy/tools-configs/revive.toml
2025-07-22T19:34:50+01:00 [DEBUG] (codacy-cli-v2/tools/revive/reviveRunner.go:53) Running Revive command command=/home/wayne/.cache/codacy/tools/revive@1.7.0/revive -config .codacy/tools-configs/revive.toml -formatter sarif ./...
2025-07-22T20:47:36+01:00 [INFO] (codacy-cli-v2/cli-v2.go:27) Starting Codacy CLI version=1.0.0-main.349.sha.1b80ceb (1b80ceb) built at 2025-07-10T10:14:35Z
2025-07-22T20:47:36+01:00 [INFO] (codacy-cli-v2/cmd/root.go:34) Executing CLI command args=[] command=analyze full_command=[/home/wayne/.cache/codacy/codacy-cli-v2/1.0.0-main.349.sha.1b80ceb/codacy-cli-v2 analyze --format sarif --tool pylint]
2025-07-22T20:47:36+01:00 [INFO] (codacy-cli-v2/cmd/analyze.go:334) Config file found for tool tool=pylint toolConfigPath=.codacy/tools-configs/pylint.rc
