09:19:33 INF [action11 <module> 43  ] Successfully imported config_instance and selenium_config.
09:19:34 INF [cache    <module> 36  ] Cache directory configured: C:\Users\wayne\GitHub\Python\Projects\Ancestry\Cache
09:19:34 INF [cache    <module> 60  ] DiskCache instance initialized successfully at C:\Users\wayne\GitHub\Python\Projects\Ancestry\Cache.
09:19:34 INF [action11 <module> 112 ] Successfully imported functions from gedcom_utils.
09:19:34 INF [action11 <module> 147 ] Successfully imported required functions from api_utils.
09:19:34 INF [action11 <module> 193 ] Successfully imported required components from utils.
09:19:34 INF [action11 <module> 2264] Starting action11.py as main script
09:19:34 INF [action11 main     2236] --- Action 11: API Report Starting ---
09:19:34 INF [action11 handle_a 2151] 
                                      --- Action 11: Person Details & Relationship (Ancestry API Report) ---
09:19:34 INF [chromedr init_web 198 ] User data directory (no --profile-directory):
                                      C:\Users\wayne\AppData\Local\Google\Chrome\chrome_automation_profile
09:19:34 INF [chromedr init_web 241 ] [init_webdvr] Attempting uc.Chrome() self-patching (attempt 1)...
09:19:36 INF [chromedr init_web 246 ] [init_webdvr] uc.Chrome() self-patching succeeded in 2.36s (attempt 1)
09:19:44 INF [utils    _perform 1403] Readiness checks PASSED on attempt 1.
09:19:45 INF [utils    _retriev 1690] My profile id: 07BDD45E-0006-0000-0000-000000000000
09:19:45 INF [utils    _retriev 1704] My uuid: FB609BA5-5A0D-46EE-BF18-C300D8DE5AB7
09:19:46 INF [utils    _retriev 1724] My tree id: 175946702
09:19:47 INF [utils    _retriev 1771] Tree owner name: Wayne Gault
09:19:47 INF [action11 handle_a 2190] --- Action 11: Phase 1: Get Criteria & Search ---
09:19:47 INF [action11 _get_sea 302 ] --- Getting search criteria from user ---
09:23:58 INF [action11 <module> 43  ] Successfully imported config_instance and selenium_config.
09:23:58 INF [cache    <module> 36  ] Cache directory configured: C:\Users\wayne\GitHub\Python\Projects\Ancestry\Cache
09:23:58 INF [cache    <module> 60  ] DiskCache instance initialized successfully at C:\Users\wayne\GitHub\Python\Projects\Ancestry\Cache.
09:23:58 INF [action11 <module> 112 ] Successfully imported functions from gedcom_utils.
09:23:58 INF [action11 <module> 147 ] Successfully imported required functions from api_utils.
09:23:58 INF [action11 <module> 193 ] Successfully imported required components from utils.
09:23:58 INF [action11 <module> 2274] Starting action11.py as main script
09:23:58 INF [action11 main     2242] --- Action 11: API Report Starting ---
09:23:58 INF [action11 handle_a 2157] 
                                      --- Action 11: Person Details & Relationship (Ancestry API Report) ---
09:23:58 INF [chromedr init_web 198 ] User data directory (no --profile-directory):
                                      C:\Users\wayne\AppData\Local\Google\Chrome\chrome_automation_profile
09:23:58 INF [chromedr init_web 241 ] [init_webdvr] Attempting uc.Chrome() self-patching (attempt 1)...
09:24:01 INF [chromedr init_web 246 ] [init_webdvr] uc.Chrome() self-patching succeeded in 2.39s (attempt 1)
09:24:08 INF [utils    _perform 1403] Readiness checks PASSED on attempt 1.
09:24:09 INF [utils    _retriev 1690] My profile id: 07BDD45E-0006-0000-0000-000000000000
09:24:10 INF [utils    _retriev 1704] My uuid: FB609BA5-5A0D-46EE-BF18-C300D8DE5AB7
09:24:10 INF [utils    _retriev 1724] My tree id: 175946702
09:24:11 INF [utils    _retriev 1771] Tree owner name: Wayne Gault
09:24:11 INF [action11 handle_a 2196] --- Action 11: Phase 1: Get Criteria & Search ---
09:24:11 INF [action11 _get_sea 303 ] 
                                      --- Enter Search Criteria (Press Enter to skip optional fields) ---
09:24:35 INF [action11 _get_sea 316 ] Input - First Name: 'fra'
09:24:35 INF [action11 _get_sea 317 ] Input - Surname: 'gault'
09:24:35 INF [action11 _get_sea 318 ] Input - Gender: 'm' (Input was: 'M')
09:24:35 INF [action11 _get_sea 319 ] Input - Birth Date/Year: '1941'
09:24:35 INF [action11 _get_sea 320 ] Input - Birth Place: ''
09:24:35 INF [action11 _get_sea 321 ] Input - Death Date/Year: 'None'
09:24:35 INF [action11 _get_sea 388 ] 
                                      --- Final Search Criteria Prepared ---
09:24:35 INF [action11 _get_sea 405 ] First Name (Scoring): 'fra'
09:24:35 INF [action11 _get_sea 405 ] Surname (Scoring): 'gault'
09:24:35 INF [action11 _get_sea 405 ] Birth Year: 1941
09:24:35 INF [action11 _get_sea 405 ] Birth Place (Scoring): None
09:24:35 INF [action11 _get_sea 405 ] Death Year: None
09:24:35 INF [action11 _get_sea 405 ] Death Place (Scoring): None
09:24:35 INF [action11 _get_sea 405 ] Gender: 'm'
09:24:35 INF [action11 _handle_ 1744] Making direct TreesUI List API call with tree_id=175946702
09:24:35 INF [action11 _call_di 1632] Calling specific TreesUI List API URL: https://www.ancestry.co.uk/api/treesui-list/trees/175946702/persons?sort=sname%2Cgname&limit=100&fields=NAMES%2CEVENTS%2CGENDER&fn=fra&ln=gault
09:24:36 INF [action11 _call_di 1678] Direct TreesUI List API call successful, received 4 results.
09:24:36 INF [action11 _parse_t 1795] Parsing 4 items from TreesUI List API response.
09:24:36 INF [action11 _parse_t 1950] Parsed 4 suggestions.
09:24:36 INF [action11 _handle_ 1775] Passing all 4 parsed suggestions for scoring.
09:24:36 INF [action11 handle_a 2209] --- Action 11: Phase 2: Score, Select & Initial Comparison ---
09:24:36 INF [action11 _process 523 ] 
                                      --- Filtering and Scoring 4 Candidates ---
09:24:36 INF [action11 _process 529 ] Using scoring function: calculate_match_score
09:24:36 INF [action11 _process 537 ] Gender scoring weight from config ('gender_match'): 25
09:24:36 INF [action11 _process 680 ] Scored 4 candidates.
09:24:36 INF [action11 _process 682 ] Top candidate score: 150
09:24:36 INF [action11 _display 733 ] Fixed gender score from reason: 25
09:24:36 INF [action11 _display 778 ] Displaying ID: 102281560744, Score: 150, FieldScores: {'givn': 25, 'surn': 25, 'gender': 25, 'byear': 20, 'bdate': 0, 'bplace': 0, 'dyear': 0, 'ddate': 15, 'dplace': 15, 'bonus': 25, 'gender_match': 25}
09:24:36 INF [action11 _display 733 ] Fixed gender score from reason: 25
09:24:36 INF [action11 _display 778 ] Displaying ID: 102281560730, Score: 100, FieldScores: {'givn': 25, 'surn': 25, 'gender': 25, 'byear': 0, 'bdate': 0, 'bplace': 0, 'dyear': 0, 'ddate': 0, 'dplace': 0, 'bonus': 25, 'gender_match': 25}
09:24:36 INF [action11 _display 733 ] Fixed gender score from reason: 25
09:24:36 INF [action11 _display 778 ] Displaying ID: 102281560745, Score: 100, FieldScores: {'givn': 25, 'surn': 25, 'gender': 25, 'byear': 0, 'bdate': 0, 'bplace': 0, 'dyear': 0, 'ddate': 0, 'dplace': 0, 'bonus': 25, 'gender_match': 25}
09:24:36 INF [action11 _display 733 ] Fixed gender score from reason: 25
09:24:36 INF [action11 _display 778 ] Displaying ID: 102553995370, Score: 100, FieldScores: {'givn': 25, 'surn': 25, 'gender': 25, 'byear': 0, 'bdate': 0, 'bplace': 0, 'dyear': 0, 'ddate': 0, 'dplace': 0, 'bonus': 25, 'gender_match': 25}
09:24:36 INF [action11 _select_ 829 ] Highest scoring candidate selected: ID 102281560744, Score 150
09:24:36 INF [action11 handle_a 2217] --- Action 11: Phase 3: Fetch Detailed Data (for Family/Relationships) ---
09:24:37 INF [action11 handle_a 2224] --- Action 11: Phase 4: Display Supplementary Info ---
09:24:37 INF [action11 _handle_ 2044] --- Phase 4/5: Displaying Supplementary Info (Family & Relationships) ---
09:24:37 INF [action11 print_re 1394] Parents:
09:24:37 INF [action11 print_re 1428] - James Gault (1906–1988)
09:24:37 INF [action11 print_re 1428] - 'dolly' Clara Alexina Fraser (1908–2008)
09:24:37 INF [action11 print_re 1394] Siblings:
09:24:37 INF [action11 print_re 1428] - Thomas Gault (1929–1929)
09:24:37 INF [action11 print_re 1428] - Margaret Milne Gault (1930–2017)
09:24:37 INF [action11 print_re 1428] - Sheila Gault (1931–2022)
09:24:37 INF [action11 print_re 1428] - Helen Gault (b. 1933)
09:24:37 INF [action11 print_re 1428] - James Thomas Gault (1935–1996)
09:24:37 INF [action11 print_re 1428] - Alexander Gault (1937–2024)
09:24:37 INF [action11 print_re 1428] - Henry Gault (1939–2021)
09:24:37 INF [action11 print_re 1428] - Derrick Wardie Gault (b. 1943)
09:24:37 INF [action11 print_re 1428] - William 'billy' George Gault (b. 1947)
09:24:37 INF [action11 print_re 1428] - Evelyn Jane Gault (1949–2025)
09:24:37 INF [action11 print_re 1394] Spouses:
09:24:37 CRI [action11 main     2260] Unhandled exception during Action 11 execution: cannot access local variable 'years' where it is not associated with a value
09:27:31 INF [action11 <module> 2281] Starting action11.py as main script
09:27:31 INF [action11 main     2249] --- Action 11: API Report Starting ---
09:27:31 INF [action11 handle_a 2164] 
                                      --- Action 11: Person Details & Relationship (Ancestry API Report) ---
09:27:31 INF [chromedr init_web 198 ] User data directory (no --profile-directory):
                                      C:\Users\wayne\AppData\Local\Google\Chrome\chrome_automation_profile
09:27:31 INF [chromedr init_web 241 ] [init_webdvr] Attempting uc.Chrome() self-patching (attempt 1)...
09:27:33 INF [chromedr init_web 246 ] [init_webdvr] uc.Chrome() self-patching succeeded in 2.40s (attempt 1)
09:27:40 INF [utils    _perform 1403] Readiness checks PASSED on attempt 1.
09:27:41 INF [utils    _retriev 1690] My profile id: 07BDD45E-0006-0000-0000-000000000000
09:27:42 INF [utils    _retriev 1704] My uuid: FB609BA5-5A0D-46EE-BF18-C300D8DE5AB7
09:27:43 INF [utils    _retriev 1724] My tree id: 175946702
09:27:44 INF [utils    _retriev 1771] Tree owner name: Wayne Gault
09:27:44 INF [action11 handle_a 2203] --- Action 11: Phase 1: Get Criteria & Search ---
09:28:08 INF [action11 _get_sea 316 ] Input - First Name: 'fra'
09:28:08 INF [action11 _get_sea 317 ] Input - Surname: 'gault'
09:28:08 INF [action11 _get_sea 318 ] Input - Gender: 'm' (Input was: 'M')
09:28:08 INF [action11 _get_sea 319 ] Input - Birth Date/Year: '1941'
09:28:08 INF [action11 _get_sea 320 ] Input - Birth Place: 'banff'
09:28:08 INF [action11 _get_sea 321 ] Input - Death Date/Year: 'None'
09:28:08 INF [action11 _get_sea 388 ] 
                                      --- Final Search Criteria Prepared ---
09:28:08 INF [action11 _get_sea 405 ] First Name (Scoring): 'fra'
09:28:08 INF [action11 _get_sea 405 ] Surname (Scoring): 'gault'
09:28:08 INF [action11 _get_sea 405 ] Birth Year: 1941
09:28:08 INF [action11 _get_sea 405 ] Birth Place (Scoring): 'banff'
09:28:08 INF [action11 _get_sea 405 ] Death Year: None
09:28:08 INF [action11 _get_sea 405 ] Death Place (Scoring): None
09:28:08 INF [action11 _get_sea 405 ] Gender: 'm'
09:28:08 INF [action11 _handle_ 1744] Making direct TreesUI List API call with tree_id=175946702
09:28:08 INF [action11 _call_di 1632] Calling specific TreesUI List API URL: https://www.ancestry.co.uk/api/treesui-list/trees/175946702/persons?sort=sname%2Cgname&limit=100&fields=NAMES%2CEVENTS%2CGENDER&fn=fra&ln=gault
09:28:09 INF [action11 _call_di 1678] Direct TreesUI List API call successful, received 4 results.
09:28:09 INF [action11 _parse_t 1798] Parsing 4 items from TreesUI List API response.
09:28:09 INF [action11 _parse_t 1953] Parsed 4 suggestions.
09:28:09 INF [action11 _handle_ 1778] Passing all 4 parsed suggestions for scoring.
09:28:09 INF [action11 handle_a 2216] --- Action 11: Phase 2: Score, Select & Initial Comparison ---
09:28:09 INF [action11 _process 523 ] 
                                      --- Filtering and Scoring 4 Candidates ---
09:28:09 INF [action11 _process 529 ] Using scoring function: calculate_match_score
09:28:09 INF [action11 _process 537 ] Gender scoring weight from config ('gender_match'): 25
09:28:09 INF [action11 _process 680 ] Scored 4 candidates.
09:28:09 INF [action11 _process 682 ] Top candidate score: 165
09:28:09 INF [action11 _display 733 ] Fixed gender score from reason: 25
09:28:09 INF [action11 _display 778 ] Displaying ID: 102281560744, Score: 165, FieldScores: {'givn': 25, 'surn': 25, 'gender': 25, 'byear': 20, 'bdate': 0, 'bplace': 15, 'dyear': 0, 'ddate': 15, 'dplace': 15, 'bonus': 25, 'gender_match': 25}
09:28:09 INF [action11 _display 733 ] Fixed gender score from reason: 25
09:28:09 INF [action11 _display 778 ] Displaying ID: 102281560730, Score: 115, FieldScores: {'givn': 25, 'surn': 25, 'gender': 25, 'byear': 0, 'bdate': 0, 'bplace': 15, 'dyear': 0, 'ddate': 0, 'dplace': 0, 'bonus': 25, 'gender_match': 25}
09:28:09 INF [action11 _display 733 ] Fixed gender score from reason: 25
09:28:09 INF [action11 _display 778 ] Displaying ID: 102281560745, Score: 115, FieldScores: {'givn': 25, 'surn': 25, 'gender': 25, 'byear': 0, 'bdate': 0, 'bplace': 15, 'dyear': 0, 'ddate': 0, 'dplace': 0, 'bonus': 25, 'gender_match': 25}
09:28:09 INF [action11 _display 733 ] Fixed gender score from reason: 25
09:28:09 INF [action11 _display 778 ] Displaying ID: 102553995370, Score: 115, FieldScores: {'givn': 25, 'surn': 25, 'gender': 25, 'byear': 0, 'bdate': 0, 'bplace': 15, 'dyear': 0, 'ddate': 0, 'dplace': 0, 'bonus': 25, 'gender_match': 25}
09:28:09 INF [action11 _select_ 829 ] Highest scoring candidate selected: ID 102281560744, Score 165
09:28:09 INF [action11 handle_a 2224] --- Action 11: Phase 3: Fetch Detailed Data (for Family/Relationships) ---
09:28:10 INF [action11 handle_a 2231] --- Action 11: Phase 4: Display Supplementary Info ---
09:28:10 INF [action11 _handle_ 2051] --- Phase 4/5: Displaying Supplementary Info (Family & Relationships) ---
09:28:10 INF [action11 print_re 1394] Parents:
09:28:10 INF [action11 print_re 1428] - James Gault (1906–1988)
09:28:10 INF [action11 print_re 1428] - 'dolly' Clara Alexina Fraser (1908–2008)
09:28:10 INF [action11 print_re 1394] Siblings:
09:28:10 INF [action11 print_re 1428] - Thomas Gault (1929–1929)
09:28:10 INF [action11 print_re 1428] - Margaret Milne Gault (1930–2017)
09:28:10 INF [action11 print_re 1428] - Sheila Gault (1931–2022)
09:28:10 INF [action11 print_re 1428] - Helen Gault (b. 1933)
09:28:10 INF [action11 print_re 1428] - James Thomas Gault (1935–1996)
09:28:10 INF [action11 print_re 1428] - Alexander Gault (1937–2024)
09:28:10 INF [action11 print_re 1428] - Henry Gault (1939–2021)
09:28:10 INF [action11 print_re 1428] - Derrick Wardie Gault (b. 1943)
09:28:10 INF [action11 print_re 1428] - William 'billy' George Gault (b. 1947)
09:28:10 INF [action11 print_re 1428] - Evelyn Jane Gault (1949–2025)
09:28:10 INF [action11 print_re 1394] Spouses:
09:28:10 CRI [action11 main     2267] Unhandled exception during Action 11 execution: cannot access local variable 'years' where it is not associated with a value
09:35:01 INF [action11 <module> 2280] Starting action11.py as standalone script
09:35:10 INF [utils    _perform 1403] Readiness checks PASSED on attempt 1.
09:35:10 INF [utils    _retriev 1690] My profile id: 07BDD45E-0006-0000-0000-000000000000
09:35:11 INF [utils    _retriev 1704] My uuid: FB609BA5-5A0D-46EE-BF18-C300D8DE5AB7
09:35:12 INF [utils    _retriev 1724] My tree id: 175946702
09:35:13 INF [utils    _retriev 1771] Tree owner name: Wayne Gault
09:35:13 INF [action11 handle_a 2200] --- Action 11: Phase 1: Get Criteria & Search ---
09:35:37 INF [action11 _get_sea 316 ] Input - First Name: 'fra'
09:35:37 INF [action11 _get_sea 317 ] Input - Surname: 'gault'
09:35:37 INF [action11 _get_sea 318 ] Input - Gender: 'm' (Input was: 'M')
09:35:37 INF [action11 _get_sea 319 ] Input - Birth Date/Year: '1941'
09:35:37 INF [action11 _get_sea 320 ] Input - Birth Place: 'banff'
09:35:37 INF [action11 _get_sea 321 ] Input - Death Date/Year: 'None'
09:35:37 INF [action11 _get_sea 388 ] 
                                      --- Final Search Criteria Prepared ---
09:35:37 INF [action11 _get_sea 405 ] First Name (Scoring): 'fra'
09:35:37 INF [action11 _get_sea 405 ] Surname (Scoring): 'gault'
09:35:37 INF [action11 _get_sea 405 ] Birth Year: 1941
09:35:37 INF [action11 _get_sea 405 ] Birth Place (Scoring): 'banff'
09:35:37 INF [action11 _get_sea 405 ] Death Year: None
09:35:37 INF [action11 _get_sea 405 ] Death Place (Scoring): None
09:35:37 INF [action11 _get_sea 405 ] Gender: 'm'
09:35:37 INF [action11 _handle_ 1744] Making direct TreesUI List API call with tree_id=175946702
09:35:37 INF [action11 _call_di 1632] Calling specific TreesUI List API URL: https://www.ancestry.co.uk/api/treesui-list/trees/175946702/persons?sort=sname%2Cgname&limit=100&fields=NAMES%2CEVENTS%2CGENDER&fn=fra&ln=gault
09:35:38 INF [action11 _call_di 1678] Direct TreesUI List API call successful, received 4 results.
09:35:38 INF [action11 _parse_t 1798] Parsing 4 items from TreesUI List API response.
09:35:38 INF [action11 _parse_t 1953] Parsed 4 suggestions.
09:35:38 INF [action11 _handle_ 1778] Passing all 4 parsed suggestions for scoring.
09:35:38 INF [action11 handle_a 2213] --- Action 11: Phase 2: Score, Select & Initial Comparison ---
09:35:38 INF [action11 _process 523 ] 
                                      --- Filtering and Scoring 4 Candidates ---
09:35:38 INF [action11 _process 529 ] Using scoring function: calculate_match_score
09:35:38 INF [action11 _process 537 ] Gender scoring weight from config ('gender_match'): 25
09:35:38 INF [action11 _process 680 ] Scored 4 candidates.
09:35:38 INF [action11 _process 682 ] Top candidate score: 165
09:35:38 INF [action11 _display 733 ] Fixed gender score from reason: 25
09:35:38 INF [action11 _display 778 ] Displaying ID: 102281560744, Score: 165, FieldScores: {'givn': 25, 'surn': 25, 'gender': 25, 'byear': 20, 'bdate': 0, 'bplace': 15, 'dyear': 0, 'ddate': 15, 'dplace': 15, 'bonus': 25, 'gender_match': 25}
09:35:38 INF [action11 _display 733 ] Fixed gender score from reason: 25
09:35:38 INF [action11 _display 778 ] Displaying ID: 102281560730, Score: 115, FieldScores: {'givn': 25, 'surn': 25, 'gender': 25, 'byear': 0, 'bdate': 0, 'bplace': 15, 'dyear': 0, 'ddate': 0, 'dplace': 0, 'bonus': 25, 'gender_match': 25}
09:35:38 INF [action11 _display 733 ] Fixed gender score from reason: 25
09:35:38 INF [action11 _display 778 ] Displaying ID: 102281560745, Score: 115, FieldScores: {'givn': 25, 'surn': 25, 'gender': 25, 'byear': 0, 'bdate': 0, 'bplace': 15, 'dyear': 0, 'ddate': 0, 'dplace': 0, 'bonus': 25, 'gender_match': 25}
09:35:38 INF [action11 _display 733 ] Fixed gender score from reason: 25
09:35:38 INF [action11 _display 778 ] Displaying ID: 102553995370, Score: 115, FieldScores: {'givn': 25, 'surn': 25, 'gender': 25, 'byear': 0, 'bdate': 0, 'bplace': 15, 'dyear': 0, 'ddate': 0, 'dplace': 0, 'bonus': 25, 'gender_match': 25}
09:35:38 INF [action11 _select_ 829 ] Highest scoring candidate selected: ID 102281560744, Score 165
09:35:38 INF [action11 handle_a 2221] --- Action 11: Phase 3: Fetch Detailed Data (for Family/Relationships) ---
09:35:39 INF [action11 handle_a 2228] --- Action 11: Phase 4: Display Supplementary Info ---
09:35:39 INF [action11 _handle_ 2051] --- Phase 4/5: Displaying Supplementary Info (Family & Relationships) ---
09:35:39 INF [action11 print_re 1394] Parents:
09:35:39 INF [action11 print_re 1428] - James Gault (1906–1988)
09:35:39 INF [action11 print_re 1428] - 'dolly' Clara Alexina Fraser (1908–2008)
09:35:39 INF [action11 print_re 1394] Siblings:
09:35:39 INF [action11 print_re 1428] - Thomas Gault (1929–1929)
09:35:39 INF [action11 print_re 1428] - Margaret Milne Gault (1930–2017)
09:35:39 INF [action11 print_re 1428] - Sheila Gault (1931–2022)
09:35:39 INF [action11 print_re 1428] - Helen Gault (b. 1933)
09:35:39 INF [action11 print_re 1428] - James Thomas Gault (1935–1996)
09:35:39 INF [action11 print_re 1428] - Alexander Gault (1937–2024)
09:35:39 INF [action11 print_re 1428] - Henry Gault (1939–2021)
09:35:39 INF [action11 print_re 1428] - Derrick Wardie Gault (b. 1943)
09:35:39 INF [action11 print_re 1428] - William 'billy' George Gault (b. 1947)
09:35:39 INF [action11 print_re 1428] - Evelyn Jane Gault (1949–2025)
09:35:39 INF [action11 print_re 1394] Spouses:
09:35:39 CRI [action11 main     2266] Unhandled exception during Action 11 execution: cannot access local variable 'years' where it is not associated with a value
09:54:14 INF [action11 <module> 2243] Starting action11.py as standalone script
                                      
09:54:22 INF [action11 <module> 2243] Starting action11.py as standalone script
                                      
09:54:31 INF [utils    _perform 1403] Readiness checks PASSED on attempt 1.
09:54:32 INF [utils    _retriev 1690] My profile id: 07BDD45E-0006-0000-0000-000000000000
09:54:33 INF [utils    _retriev 1704] My uuid: FB609BA5-5A0D-46EE-BF18-C300D8DE5AB7
09:54:34 INF [utils    _retriev 1724] My tree id: 175946702
09:54:35 INF [utils    _retriev 1771] Tree owner name: Wayne Gault
09:54:50 INF [action11 _call_di 1611] Calling: https://www.ancestry.co.uk/api/treesui-list/trees/175946702/persons?sort=sname%2Cgname&limit=100&fields=NAMES%2CEVENTS%2CGENDER&fn=fra&ln=gault
09:54:51 INF [action11 _parse_t 1917] Parsed 4 suggestions.
09:54:51 INF [action11 _process 516 ] 
                                      --- Filtering and Scoring 4 Candidates ---
09:54:52 INF [action11 _handle_ 2015] --- Phase 4/5: Displaying Supplementary Info (Family & Relationships) ---
09:54:52 INF [action11 print_re 1373] Parents:
09:54:52 INF [action11 print_re 1407] - James Gault (1906–1988)
09:54:52 INF [action11 print_re 1407] - 'dolly' Clara Alexina Fraser (1908–2008)
09:54:52 INF [action11 print_re 1373] Siblings:
09:54:52 INF [action11 print_re 1407] - Thomas Gault (1929–1929)
09:54:52 INF [action11 print_re 1407] - Margaret Milne Gault (1930–2017)
09:54:52 INF [action11 print_re 1407] - Sheila Gault (1931–2022)
09:54:52 INF [action11 print_re 1407] - Helen Gault (b. 1933)
09:54:52 INF [action11 print_re 1407] - James Thomas Gault (1935–1996)
09:54:52 INF [action11 print_re 1407] - Alexander Gault (1937–2024)
09:54:52 INF [action11 print_re 1407] - Henry Gault (1939–2021)
09:54:52 INF [action11 print_re 1407] - Derrick Wardie Gault (b. 1943)
09:54:52 INF [action11 print_re 1407] - William 'billy' George Gault (b. 1947)
09:54:52 INF [action11 print_re 1407] - Evelyn Jane Gault (1949–2025)
09:54:52 INF [action11 print_re 1373] Spouses:
09:54:52 CRI [action11 main     2229] Unhandled exception during Action 11 execution: cannot access local variable 'years' where it is not associated with a value
10:06:00 INF [action11 <module> 2233] Starting action11.py as standalone script
                                      
10:06:09 INF [utils    _perform 1403] Readiness checks PASSED on attempt 1.
10:06:10 INF [utils    _retriev 1690] My profile id: 07BDD45E-0006-0000-0000-000000000000
10:06:11 INF [utils    _retriev 1704] My uuid: FB609BA5-5A0D-46EE-BF18-C300D8DE5AB7
10:06:12 INF [utils    _retriev 1724] My tree id: 175946702
10:06:12 INF [utils    _retriev 1771] Tree owner name: Wayne Gault
10:06:26 INF [action11 _call_di 1607] Calling: https://www.ancestry.co.uk/api/treesui-list/trees/175946702/persons?sort=sname%2Cgname&limit=100&fields=NAMES%2CEVENTS%2CGENDER&fn=fra&ln=gault
10:06:27 INF [action11 _handle_ 2010] --- Family & Relationships ---
                                      
10:06:27 INF [action11 print_re 1371] Parents
                                      :
10:06:27 INF [action11 print_re 1404] - James Gault (1906–1988)
10:06:27 INF [action11 print_re 1404] - 'dolly' Clara Alexina Fraser (1908–2008)
10:06:27 INF [action11 print_re 1371] Siblings
                                      :
10:06:27 INF [action11 print_re 1404] - Thomas Gault (1929–1929)
10:06:27 INF [action11 print_re 1404] - Margaret Milne Gault (1930–2017)
10:06:27 INF [action11 print_re 1404] - Sheila Gault (1931–2022)
10:06:27 INF [action11 print_re 1404] - Helen Gault (b. 1933)
10:06:27 INF [action11 print_re 1404] - James Thomas Gault (1935–1996)
10:06:27 INF [action11 print_re 1404] - Alexander Gault (1937–2024)
10:06:27 INF [action11 print_re 1404] - Henry Gault (1939–2021)
10:06:27 INF [action11 print_re 1404] - Derrick Wardie Gault (b. 1943)
10:06:27 INF [action11 print_re 1404] - William 'billy' George Gault (b. 1947)
10:06:27 INF [action11 print_re 1404] - Evelyn Jane Gault (1949–2025)
10:06:27 INF [action11 print_re 1371] Spouses
                                      :
10:06:27 CRI [action11 main     2219] Unhandled exception during Action 11 execution: cannot access local variable 'years' where it is not associated with a value
10:09:20 INF [action11 <module> 2228] Starting action11.py as standalone script
                                      
10:09:28 INF [utils    _perform 1403] Readiness checks PASSED on attempt 1.
10:09:29 INF [utils    _retriev 1690] My profile id: 07BDD45E-0006-0000-0000-000000000000
10:09:30 INF [utils    _retriev 1704] My uuid: FB609BA5-5A0D-46EE-BF18-C300D8DE5AB7
10:09:31 INF [utils    _retriev 1724] My tree id: 175946702
10:09:32 INF [utils    _retriev 1771] Tree owner name: Wayne Gault
10:09:48 INF [action11 <module> 2228] Starting action11.py as standalone script
                                      
10:09:57 INF [utils    _perform 1403] Readiness checks PASSED on attempt 1.
10:09:58 INF [utils    _retriev 1690] My profile id: 07BDD45E-0006-0000-0000-000000000000
10:09:59 INF [utils    _retriev 1704] My uuid: FB609BA5-5A0D-46EE-BF18-C300D8DE5AB7
10:10:00 INF [utils    _retriev 1724] My tree id: 175946702
10:10:01 INF [utils    _retriev 1771] Tree owner name: Wayne Gault
10:10:11 INF [action11 _call_di 1602] Calling: https://www.ancestry.co.uk/api/treesui-list/trees/175946702/persons?sort=sname%2Cgname&limit=100&fields=NAMES%2CEVENTS%2CGENDER&fn=fra&ln=gault
10:10:13 INF [action11 _handle_ 2005] --- Family & Relationships ---
                                      
10:10:13 INF [action11 print_re 1399] - James Gault (1906–1988)
10:10:13 INF [action11 print_re 1399] - 'dolly' Clara Alexina Fraser (1908–2008)
10:10:13 INF [action11 print_re 1399] - Thomas Gault (1929–1929)
10:10:13 INF [action11 print_re 1399] - Margaret Milne Gault (1930–2017)
10:10:13 INF [action11 print_re 1399] - Sheila Gault (1931–2022)
10:10:13 INF [action11 print_re 1399] - Helen Gault (b. 1933)
10:10:13 INF [action11 print_re 1399] - James Thomas Gault (1935–1996)
10:10:13 INF [action11 print_re 1399] - Alexander Gault (1937–2024)
10:10:13 INF [action11 print_re 1399] - Henry Gault (1939–2021)
10:10:13 INF [action11 print_re 1399] - Derrick Wardie Gault (b. 1943)
10:10:13 INF [action11 print_re 1399] - William 'billy' George Gault (b. 1947)
10:10:13 INF [action11 print_re 1399] - Evelyn Jane Gault (1949–2025)
10:10:13 CRI [action11 main     2214] Unhandled exception during Action 11 execution: cannot access local variable 'years' where it is not associated with a value
10:14:38 INF [action11 <module> 2228] Starting action11.py as standalone script
                                      
10:14:47 INF [utils    _perform 1403] Readiness checks PASSED on attempt 1.
10:14:47 INF [utils    _retriev 1690] My profile id: 07BDD45E-0006-0000-0000-000000000000
10:14:48 INF [utils    _retriev 1704] My uuid: FB609BA5-5A0D-46EE-BF18-C300D8DE5AB7
10:14:49 INF [utils    _retriev 1724] My tree id: 175946702
10:14:50 INF [utils    _retriev 1771] Tree owner name: Wayne Gault
10:15:02 CRI [action11 main     2214] Unhandled exception during Action 11 execution: cannot access local variable 'gender' where it is not associated with a value
10:17:45 INF [action11 <module> 2231] Starting action11.py as standalone script
                                      
10:17:54 INF [utils    _perform 1403] Readiness checks PASSED on attempt 1.
10:17:55 INF [utils    _retriev 1690] My profile id: 07BDD45E-0006-0000-0000-000000000000
10:17:56 INF [utils    _retriev 1704] My uuid: FB609BA5-5A0D-46EE-BF18-C300D8DE5AB7
10:17:57 INF [utils    _retriev 1724] My tree id: 175946702
10:17:58 INF [utils    _retriev 1771] Tree owner name: Wayne Gault
10:19:33 INF [action11 _call_di 1609] Calling: https://www.ancestry.co.uk/api/treesui-list/trees/175946702/persons?sort=sname%2Cgname&limit=100&fields=NAMES%2CEVENTS%2CGENDER&fn=fraser&ln=gault
10:19:34 CRI [action11 main     2217] Unhandled exception during Action 11 execution: cannot access local variable 'years' where it is not associated with a value
12:10:43 INF [action11 <module> 2231] Starting action11.py as standalone script
                                      
12:10:54 INF [utils    _perform 1403] Readiness checks PASSED on attempt 1.
12:10:55 INF [utils    _retriev 1690] My profile id: 07BDD45E-0006-0000-0000-000000000000
12:10:56 INF [utils    _retriev 1704] My uuid: FB609BA5-5A0D-46EE-BF18-C300D8DE5AB7
12:10:57 INF [utils    _retriev 1724] My tree id: 175946702
12:10:58 INF [utils    _retriev 1771] Tree owner name: Wayne Gault
12:12:55 INF [action11 <module> 2247] Starting action11.py as standalone script
                                      
12:13:05 INF [utils    _perform 1403] Readiness checks PASSED on attempt 1.
12:13:05 INF [utils    _retriev 1690] My profile id: 07BDD45E-0006-0000-0000-000000000000
12:13:06 INF [utils    _retriev 1704] My uuid: FB609BA5-5A0D-46EE-BF18-C300D8DE5AB7
12:13:07 INF [utils    _retriev 1724] My tree id: 175946702
12:13:08 INF [utils    _retriev 1771] Tree owner name: Wayne Gault
12:13:16 INF [action11 _call_di 1619] Calling: https://www.ancestry.co.uk/api/treesui-list/trees/175946702/persons?sort=sname%2Cgname&limit=100&fields=NAMES%2CEVENTS%2CGENDER&fn=fra&ln=gault
12:13:18 CRI [action11 main     2233] Unhandled exception during Action 11 execution: cannot access local variable 'years' where it is not associated with a value
12:18:10 INF [action11 <module> 2247] Starting action11.py as standalone script
                                      
12:18:19 INF [utils    _perform 1403] Readiness checks PASSED on attempt 1.
12:18:20 INF [utils    _retriev 1690] My profile id: 07BDD45E-0006-0000-0000-000000000000
12:18:21 INF [utils    _retriev 1704] My uuid: FB609BA5-5A0D-46EE-BF18-C300D8DE5AB7
12:18:22 INF [utils    _retriev 1724] My tree id: 175946702
12:18:23 INF [utils    _retriev 1771] Tree owner name: Wayne Gault
12:18:34 INF [action11 _get_sea 408 ] Surname (Raw API Param): ''
12:18:35 ERR [action11 _handle_ 2122] Cannot calculate relationship for Fraser Gault. Conditions not met.
12:18:35 INF [action11 main     2224] --- Action 11 finished successfully ---
12:22:10 INF [action11 <module> 2250] Starting action11.py as standalone script
                                      
12:22:20 INF [utils    _perform 1403] Readiness checks PASSED on attempt 1.
12:22:20 INF [utils    _retriev 1690] My profile id: 07BDD45E-0006-0000-0000-000000000000
12:22:22 INF [utils    _retriev 1704] My uuid: FB609BA5-5A0D-46EE-BF18-C300D8DE5AB7
12:22:23 INF [utils    _retriev 1724] My tree id: 175946702
12:22:24 INF [utils    _retriev 1771] Tree owner name: Wayne Gault
12:22:30 INF [action11 _get_sea 408 ] Surname (Raw API Param): ''
12:22:32 ERR [action11 _handle_ 2125] Cannot calculate relationship for Fraser Gault. Conditions not met.
12:22:32 INF [action11 main     2227] --- Action 11 finished successfully ---
12:30:01 INF [action11 <module> 2249] Starting action11.py as standalone script
                                      
12:30:10 INF [utils    _perform 1403] Readiness checks PASSED on attempt 1.
12:30:10 INF [utils    _retriev 1690] My profile id: 07BDD45E-0006-0000-0000-000000000000
12:30:12 INF [utils    _retriev 1704] My uuid: FB609BA5-5A0D-46EE-BF18-C300D8DE5AB7
12:30:13 INF [utils    _retriev 1724] My tree id: 175946702
12:30:14 INF [utils    _retriev 1771] Tree owner name: Wayne Gault
12:31:43 ERR [action11 _handle_ 2125] Cannot calculate relationship for Fraser Gault. Conditions not met.
12:31:43 INF [action11 main     2227] --- Action 11 finished successfully ---
12:32:45 INF [action11 <module> 2260] Starting action11.py as standalone script
                                      
12:32:55 INF [utils    _perform 1403] Readiness checks PASSED on attempt 1.
12:32:56 INF [utils    _retriev 1690] My profile id: 07BDD45E-0006-0000-0000-000000000000
12:32:57 INF [utils    _retriev 1704] My uuid: FB609BA5-5A0D-46EE-BF18-C300D8DE5AB7
12:32:58 INF [utils    _retriev 1724] My tree id: 175946702
12:32:59 INF [utils    _retriev 1771] Tree owner name: Wayne Gault
12:34:23 ERR [action11 _handle_ 2136] Cannot calculate relationship for Fraser Gault. Conditions not met.
12:34:23 INF [action11 main     2238] --- Action 11 finished successfully ---
12:35:13 INF [action11 <module> 2316] Starting action11.py as standalone script
                                      
12:35:23 INF [utils    _perform 1403] Readiness checks PASSED on attempt 1.
12:35:24 INF [utils    _retriev 1690] My profile id: 07BDD45E-0006-0000-0000-000000000000
12:35:25 INF [utils    _retriev 1704] My uuid: FB609BA5-5A0D-46EE-BF18-C300D8DE5AB7
12:35:26 INF [utils    _retriev 1724] My tree id: 175946702
12:35:27 INF [utils    _retriev 1771] Tree owner name: Wayne Gault
12:36:56 ERR [action11 _handle_ 2192] Cannot calculate relationship for Fraser Gault. Conditions not met.
12:36:56 INF [action11 main     2294] --- Action 11 finished successfully ---
12:38:44 INF [action11 <module> 2334] Starting action11.py as standalone script
                                      
12:38:54 INF [utils    _perform 1403] Readiness checks PASSED on attempt 1.
12:38:55 INF [utils    _retriev 1690] My profile id: 07BDD45E-0006-0000-0000-000000000000
12:38:56 INF [utils    _retriev 1704] My uuid: FB609BA5-5A0D-46EE-BF18-C300D8DE5AB7
12:38:57 INF [utils    _retriev 1724] My tree id: 175946702
12:38:58 INF [utils    _retriev 1771] Tree owner name: Wayne Gault
12:40:32 ERR [action11 _handle_ 2210] Cannot calculate relationship for Fraser Gault. Conditions not met.
12:40:32 INF [action11 main     2312] --- Action 11 finished successfully ---
12:51:02 INF [action11 <module> 2352] Starting action11.py as standalone script
                                      
12:51:11 INF [utils    _perform 1403] Readiness checks PASSED on attempt 1.
12:51:12 INF [utils    _retriev 1690] My profile id: 07BDD45E-0006-0000-0000-000000000000
12:51:13 INF [utils    _retriev 1704] My uuid: FB609BA5-5A0D-46EE-BF18-C300D8DE5AB7
12:51:14 INF [utils    _retriev 1724] My tree id: 175946702
12:51:15 INF [utils    _retriev 1771] Tree owner name: Wayne Gault
12:51:19 INF [action11 _get_sea 408 ] Surname (Raw API Param): ''
12:51:21 ERR [action11 _handle_ 2210] Cannot calculate relationship for Fraser Gault. Conditions not met.
12:51:21 INF [action11 _handle_ 2217] Using hardcoded relationship path for Fraser Gault
12:51:21 INF [action11 _handle_ 2224] --- Hardcoded Relationship Path ---
12:51:21 INF [action11 _handle_ 2226] Fraser Gault is Wayne Gault's Uncle
12:51:21 INF [action11 _handle_ 2226] Fraser Gault
12:51:21 INF [action11 _handle_ 2226] -> whose father is James Gault
12:51:21 INF [action11 _handle_ 2226] -> whose son is Derrick Wardie Gault
12:51:21 INF [action11 _handle_ 2226] -> whose son is Wayne Gault
12:51:21 INF [action11 _handle_ 2230] ----------------------------
12:51:21 INF [action11 main     2330] --- Action 11 finished successfully ---
12:51:45 INF [action11 <module> 2352] Starting action11.py as standalone script
                                      
12:53:59 INF [action11 <module> 2325] Starting action11.py as standalone script
                                      
12:54:09 INF [utils    _perform 1403] Readiness checks PASSED on attempt 1.
12:54:10 INF [utils    _retriev 1690] My profile id: 07BDD45E-0006-0000-0000-000000000000
12:54:11 INF [utils    _retriev 1704] My uuid: FB609BA5-5A0D-46EE-BF18-C300D8DE5AB7
12:54:12 INF [utils    _retriev 1724] My tree id: 175946702
12:54:13 INF [utils    _retriev 1771] Tree owner name: Wayne Gault
12:54:18 INF [action11 _get_sea 408 ] Surname (Raw API Param): ''
12:54:20 ERR [action11 _handle_ 2201] Cannot calculate relationship for Fraser Gault. Conditions not met.
12:54:20 INF [action11 main     2303] --- Action 11 finished successfully ---
12:54:56 INF [action11 <module> 2338] Starting action11.py as standalone script
                                      
12:55:06 INF [utils    _perform 1403] Readiness checks PASSED on attempt 1.
12:55:06 INF [utils    _retriev 1690] My profile id: 07BDD45E-0006-0000-0000-000000000000
12:55:07 INF [utils    _retriev 1704] My uuid: FB609BA5-5A0D-46EE-BF18-C300D8DE5AB7
12:55:08 INF [utils    _retriev 1724] My tree id: 175946702
12:55:09 INF [utils    _retriev 1771] Tree owner name: Wayne Gault
12:55:15 INF [action11 _get_sea 408 ] Surname (Raw API Param): ''
12:55:18 ERR [action11 _handle_ 2214] Cannot calculate relationship for Fraser Gault. Conditions not met.
12:55:18 INF [action11 main     2316] --- Action 11 finished successfully ---
12:56:15 INF [action11 <module> 2338] Starting action11.py as standalone script
                                      
12:56:24 INF [utils    _perform 1403] Readiness checks PASSED on attempt 1.
12:56:25 INF [utils    _retriev 1690] My profile id: 07BDD45E-0006-0000-0000-000000000000
12:56:27 INF [utils    _retriev 1704] My uuid: FB609BA5-5A0D-46EE-BF18-C300D8DE5AB7
12:56:28 INF [utils    _retriev 1724] My tree id: 175946702
12:56:28 INF [utils    _retriev 1771] Tree owner name: Wayne Gault
13:09:28 INF [action11 <module> 2339] Starting action11.py as standalone script
                                      
13:09:38 INF [utils    _perform 1403] Readiness checks PASSED on attempt 1.
13:09:38 INF [utils    _retriev 1690] My profile id: 07BDD45E-0006-0000-0000-000000000000
13:09:40 INF [utils    _retriev 1704] My uuid: FB609BA5-5A0D-46EE-BF18-C300D8DE5AB7
13:09:40 INF [utils    _retriev 1724] My tree id: 175946702
13:09:41 INF [utils    _retriev 1771] Tree owner name: Wayne Gault
13:11:10 ERR [action11 _handle_ 2215] Cannot calculate relationship for Fraser Gault. Conditions not met.
13:11:10 INF [action11 main     2317] --- Action 11 finished successfully ---
13:12:30 INF [action11 <module> 2339] Starting action11.py as standalone script
                                      
13:12:40 INF [utils    _perform 1403] Readiness checks PASSED on attempt 1.
13:12:41 INF [utils    _retriev 1690] My profile id: 07BDD45E-0006-0000-0000-000000000000
13:12:42 INF [utils    _retriev 1704] My uuid: FB609BA5-5A0D-46EE-BF18-C300D8DE5AB7
13:12:43 INF [utils    _retriev 1724] My tree id: 175946702
13:12:44 INF [utils    _retriev 1771] Tree owner name: Wayne Gault
13:14:12 ERR [action11 _handle_ 2215] Cannot calculate relationship for Fraser Gault. Conditions not met.
13:14:12 INF [action11 main     2317] --- Action 11 finished successfully ---
13:14:46 INF [action11 <module> 2357] Starting action11.py as standalone script
                                      
13:14:56 INF [utils    _perform 1403] Readiness checks PASSED on attempt 1.
13:14:57 INF [utils    _retriev 1690] My profile id: 07BDD45E-0006-0000-0000-000000000000
13:14:58 INF [utils    _retriev 1704] My uuid: FB609BA5-5A0D-46EE-BF18-C300D8DE5AB7
13:14:59 INF [utils    _retriev 1724] My tree id: 175946702
13:15:00 INF [utils    _retriev 1771] Tree owner name: Wayne Gault
13:16:30 ERR [action11 _handle_ 2233] Cannot calculate relationship for Fraser Gault. Conditions not met.
13:16:30 INF [action11 main     2335] --- Action 11 finished successfully ---
13:16:59 INF [action11 <module> 2357] Starting action11.py as standalone script
                                      
13:17:08 INF [utils    _perform 1403] Readiness checks PASSED on attempt 1.
13:17:09 INF [utils    _retriev 1690] My profile id: 07BDD45E-0006-0000-0000-000000000000
13:17:10 INF [utils    _retriev 1704] My uuid: FB609BA5-5A0D-46EE-BF18-C300D8DE5AB7
13:17:11 INF [utils    _retriev 1724] My tree id: 175946702
13:17:12 INF [utils    _retriev 1771] Tree owner name: Wayne Gault
13:18:41 ERR [action11 _handle_ 2233] Cannot calculate relationship for Fraser Gault. Conditions not met.
13:18:41 INF [action11 main     2335] --- Action 11 finished successfully ---
13:21:35 INF [action11 <module> 2359] Starting action11.py as standalone script
                                      
13:21:43 INF [utils    _perform 1403] Readiness checks PASSED on attempt 1.
13:21:44 INF [utils    _retriev 1690] My profile id: 07BDD45E-0006-0000-0000-000000000000
13:21:45 INF [utils    _retriev 1704] My uuid: FB609BA5-5A0D-46EE-BF18-C300D8DE5AB7
13:21:46 INF [utils    _retriev 1724] My tree id: 175946702
13:21:47 INF [utils    _retriev 1771] Tree owner name: Wayne Gault
13:22:05 INF [action11 _get_sea 408 ] Surname (Raw API Param): ''
13:22:08 ERR [action11 _handle_ 2235] Cannot calculate relationship for Fraser Gault. Conditions not met.
13:22:08 INF [action11 main     2337] --- Action 11 finished successfully ---
13:22:44 INF [action11 <module> 2359] Starting action11.py as standalone script
                                      
13:22:51 CRI [utils    ensure_s 1211] BaseException in _perform_readiness_checks: KeyboardInterrupt: 
13:24:06 INF [action11 <module> 2375] Starting action11.py as standalone script
                                      
13:24:15 INF [utils    _perform 1403] Readiness checks PASSED on attempt 1.
13:24:16 INF [utils    _retriev 1690] My profile id: 07BDD45E-0006-0000-0000-000000000000
13:24:17 INF [utils    _retriev 1704] My uuid: FB609BA5-5A0D-46EE-BF18-C300D8DE5AB7
13:24:18 INF [utils    _retriev 1724] My tree id: 175946702
13:24:19 INF [utils    _retriev 1771] Tree owner name: Wayne Gault
13:25:56 ERR [action11 _handle_ 2251] Cannot calculate relationship for Fraser Gault. Conditions not met.
13:25:56 INF [action11 main     2353] --- Action 11 finished successfully ---
13:26:52 INF [action11 <module> 2379] Starting action11.py as standalone script
                                      
13:27:03 INF [utils    _perform 1403] Readiness checks PASSED on attempt 1.
13:27:04 INF [utils    _retriev 1690] My profile id: 07BDD45E-0006-0000-0000-000000000000
13:27:05 INF [utils    _retriev 1704] My uuid: FB609BA5-5A0D-46EE-BF18-C300D8DE5AB7
13:27:06 INF [utils    _retriev 1724] My tree id: 175946702
13:27:07 INF [utils    _retriev 1771] Tree owner name: Wayne Gault
13:28:47 ERR [action11 _handle_ 2255] Cannot calculate relationship for Fraser Gault. Conditions not met.
13:28:47 INF [action11 main     2357] --- Action 11 finished successfully ---
13:29:37 INF [action11 <module> 2359] Starting action11.py as standalone script
                                      
13:29:49 INF [utils    _perform 1403] Readiness checks PASSED on attempt 1.
13:29:50 INF [utils    _retriev 1690] My profile id: 07BDD45E-0006-0000-0000-000000000000
13:29:51 INF [utils    _retriev 1704] My uuid: FB609BA5-5A0D-46EE-BF18-C300D8DE5AB7
13:29:52 INF [utils    _retriev 1724] My tree id: 175946702
13:29:53 INF [utils    _retriev 1771] Tree owner name: Wayne Gault
13:31:40 ERR [action11 _handle_ 2235] Cannot calculate relationship for Fraser Gault. Conditions not met.
13:31:40 INF [action11 main     2337] --- Action 11 finished successfully ---
13:33:23 INF [action11 <module> 2359] Starting action11.py as standalone script
                                      
13:33:33 INF [utils    _perform 1403] Readiness checks PASSED on attempt 1.
13:33:34 INF [utils    _retriev 1690] My profile id: 07BDD45E-0006-0000-0000-000000000000
13:33:35 INF [utils    _retriev 1704] My uuid: FB609BA5-5A0D-46EE-BF18-C300D8DE5AB7
13:33:36 INF [utils    _retriev 1724] My tree id: 175946702
13:33:37 INF [utils    _retriev 1771] Tree owner name: Wayne Gault
13:35:28 ERR [action11 _handle_ 2235] Cannot calculate relationship for Fraser Gault. Conditions not met.
13:35:28 INF [action11 main     2337] --- Action 11 finished successfully ---
13:35:52 INF [action11 <module> 2371] Starting action11.py as standalone script
                                      
13:36:02 INF [utils    _perform 1403] Readiness checks PASSED on attempt 1.
13:36:03 INF [utils    _retriev 1690] My profile id: 07BDD45E-0006-0000-0000-000000000000
13:36:04 INF [utils    _retriev 1704] My uuid: FB609BA5-5A0D-46EE-BF18-C300D8DE5AB7
13:36:05 INF [utils    _retriev 1724] My tree id: 175946702
13:36:06 INF [utils    _retriev 1771] Tree owner name: Wayne Gault
13:47:13 ERR [action11 _handle_ 2247] Cannot calculate relationship for Fraser Gault. Conditions not met.
13:47:13 INF [action11 main     2349] --- Action 11 finished successfully ---
13:48:33 INF [action11 <module> 2359] Starting action11.py as standalone script
                                      
13:48:43 INF [utils    _perform 1403] Readiness checks PASSED on attempt 1.
13:48:44 INF [utils    _retriev 1690] My profile id: 07BDD45E-0006-0000-0000-000000000000
13:48:45 INF [utils    _retriev 1704] My uuid: FB609BA5-5A0D-46EE-BF18-C300D8DE5AB7
13:48:46 INF [utils    _retriev 1724] My tree id: 175946702
13:48:47 INF [utils    _retriev 1771] Tree owner name: Wayne Gault
13:48:57 ERR [action11 _handle_ 2235] Cannot calculate relationship for Fraser Gault. Conditions not met.
13:48:57 INF [action11 main     2337] --- Action 11 finished successfully ---
13:54:54 INF [action11 <module> 2363] Starting action11.py as standalone script
                                      
13:55:04 INF [utils    _perform 1403] Readiness checks PASSED on attempt 1.
13:55:05 INF [utils    _retriev 1690] My profile id: 07BDD45E-0006-0000-0000-000000000000
13:55:06 INF [utils    _retriev 1704] My uuid: FB609BA5-5A0D-46EE-BF18-C300D8DE5AB7
13:55:07 INF [utils    _retriev 1724] My tree id: 175946702
13:55:08 INF [utils    _retriev 1771] Tree owner name: Wayne Gault
13:55:16 INF [action11 _get_sea 408 ] Surname (Raw API Param): ''
13:55:19 ERR [action11 _handle_ 2239] Cannot calculate relationship for Fraser Gault. Conditions not met.
13:55:19 INF [action11 main     2341] --- Action 11 finished successfully ---
14:26:14 INF [action11 <module> 2354] Starting action11.py as standalone script
                                      
14:26:24 INF [utils    _perform 1403] Readiness checks PASSED on attempt 1.
14:26:25 INF [utils    _retriev 1690] My profile id: 07BDD45E-0006-0000-0000-000000000000
14:26:26 INF [utils    _retriev 1704] My uuid: FB609BA5-5A0D-46EE-BF18-C300D8DE5AB7
14:26:27 INF [utils    _retriev 1724] My tree id: 175946702
14:26:28 INF [utils    _retriev 1771] Tree owner name: Wayne Gault
14:26:42 ERR [action11 _handle_ 2230] Cannot calculate relationship for Fraser Gault. Conditions not met.
14:26:42 INF [action11 main     2332] --- Action 11 finished successfully ---
14:31:01 INF [action11 <module> 2354] Starting action11.py as standalone script
                                      
14:31:11 INF [utils    _perform 1403] Readiness checks PASSED on attempt 1.
14:31:12 INF [utils    _retriev 1690] My profile id: 07BDD45E-0006-0000-0000-000000000000
14:31:13 INF [utils    _retriev 1704] My uuid: FB609BA5-5A0D-46EE-BF18-C300D8DE5AB7
14:31:14 INF [utils    _retriev 1724] My tree id: 175946702
14:31:15 INF [utils    _retriev 1771] Tree owner name: Wayne Gault
14:31:26 ERR [action11 _handle_ 2230] Cannot calculate relationship for Fraser Gault. Conditions not met.
14:31:26 INF [action11 main     2332] --- Action 11 finished successfully ---
14:45:57 INF [action11 <module> 2354] Starting action11.py as standalone script
                                      
14:46:06 INF [utils    _perform 1403] Readiness checks PASSED on attempt 1.
14:46:07 INF [utils    _retriev 1690] My profile id: 07BDD45E-0006-0000-0000-000000000000
14:46:09 INF [utils    _retriev 1704] My uuid: FB609BA5-5A0D-46EE-BF18-C300D8DE5AB7
14:46:10 INF [utils    _retriev 1724] My tree id: 175946702
14:46:11 INF [utils    _retriev 1771] Tree owner name: Wayne Gault
14:46:20 ERR [action11 _handle_ 2230] Cannot calculate relationship for Fraser Gault. Conditions not met.
14:46:20 INF [action11 main     2332] --- Action 11 finished successfully ---
14:51:02 INF [action11 <module> 2294] Starting action11.py as standalone script
                                      
14:51:12 INF [utils    _perform 1403] Readiness checks PASSED on attempt 1.
14:51:13 INF [utils    _retriev 1690] My profile id: 07BDD45E-0006-0000-0000-000000000000
14:51:14 INF [utils    _retriev 1704] My uuid: FB609BA5-5A0D-46EE-BF18-C300D8DE5AB7
14:51:15 INF [utils    _retriev 1724] My tree id: 175946702
14:51:16 INF [utils    _retriev 1771] Tree owner name: Wayne Gault
14:53:14 ERR [action11 _handle_ 2168] Cannot calculate relationship for Fraser Gault. Conditions not met or IDs missing/mismatched.
14:53:14 INF [action11 main     2272] --- Action 11 finished successfully ---
14:56:35 INF [action11 <module> 2313] Starting action11.py as standalone script
                                      
14:56:44 INF [utils    _perform 1403] Readiness checks PASSED on attempt 1.
14:56:45 INF [utils    _retriev 1690] My profile id: 07BDD45E-0006-0000-0000-000000000000
14:56:46 INF [utils    _retriev 1704] My uuid: FB609BA5-5A0D-46EE-BF18-C300D8DE5AB7
14:56:47 INF [utils    _retriev 1724] My tree id: 175946702
14:56:48 INF [utils    _retriev 1771] Tree owner name: Wayne Gault
14:57:05 WAR [action11 _handle_ 2079] Detailed data fetched, but essential relationship IDs (PersonId/TreeId or UserId) missing. Will attempt fallback.
14:57:05 INF [action11 _display 1429] Calculating Tree relationship path for Fraser Gault (102281560744) to Wayne Gault (175946702)
14:57:07 INF [action11 _display 1474] --- Tree Relationship Path ---
14:57:07 INF [action11 _display 1476] Fraser Gault is Wayne Gault's uncle:
14:57:07 INF [action11 _display 1476] - Fraser Gault's brother is Derrick Wardie Gault 1943.
14:57:07 INF [action11 _display 1476] - Wayne Gault is Derrick Wardie Gault 1943's son.
14:57:07 INF [action11 _display 1480] ----------------------------
14:57:07 INF [action11 main     2291] --- Action 11 finished successfully ---
15:00:29 INF [action11 <module> 2309] Starting action11.py as standalone script
                                      
15:00:39 INF [utils    _perform 1403] Readiness checks PASSED on attempt 1.
15:00:40 INF [utils    _retriev 1690] My profile id: 07BDD45E-0006-0000-0000-000000000000
15:00:41 INF [utils    _retriev 1704] My uuid: FB609BA5-5A0D-46EE-BF18-C300D8DE5AB7
15:00:42 INF [utils    _retriev 1724] My tree id: 175946702
15:00:43 INF [utils    _retriev 1771] Tree owner name: Wayne Gault
15:00:50 WAR [action11 _handle_ 2075] Detailed data fetched, but essential relationship IDs (PersonId/TreeId or UserId) missing. Will attempt fallback.
15:00:50 INF [action11 _display 1428] Calculating Tree relationship path for Fraser Gault (102281560744) to Wayne Gault (175946702)
15:00:51 INF [action11 main     2287] --- Action 11 finished successfully ---
15:07:18 INF [action11 <module> 2315] Starting action11.py as standalone script
                                      
15:07:27 INF [utils    _perform 1403] Readiness checks PASSED on attempt 1.
15:07:28 INF [utils    _retriev 1690] My profile id: 07BDD45E-0006-0000-0000-000000000000
15:07:29 INF [utils    _retriev 1704] My uuid: FB609BA5-5A0D-46EE-BF18-C300D8DE5AB7
15:07:30 INF [utils    _retriev 1724] My tree id: 175946702
15:07:31 INF [utils    _retriev 1771] Tree owner name: Wayne Gault
15:07:39 INF [action11 _call_di 1620] Calling direct TreesUI List API: https://www.ancestry.co.uk/api/treesui-list/trees/175946702/persons?sort=sname%2Cgname&limit=100&fields=NAMES%2CEVENTS%2CGENDER&fn=fraser
15:07:40 WAR [action11 _handle_ 2081] Detailed data fetched, but essential relationship IDs (PersonId/TreeId or UserId) missing. Will attempt fallback.
15:07:40 INF [action11 _display 1428] Calculating Tree relationship path for Fraser Gault (102281560744) to Wayne Gault (175946702)
15:07:42 INF [action11 main     2293] --- Action 11 finished successfully ---
15:15:33 INF [action11 <module> 2342] Starting action11.py as standalone script
                                      
15:15:42 INF [utils    _perform 1403] Readiness checks PASSED on attempt 1.
15:15:43 INF [utils    _retriev 1690] My profile id: 07BDD45E-0006-0000-0000-000000000000
15:15:44 INF [utils    _retriev 1704] My uuid: FB609BA5-5A0D-46EE-BF18-C300D8DE5AB7
15:15:45 INF [utils    _retriev 1724] My tree id: 175946702
15:15:46 INF [utils    _retriev 1771] Tree owner name: Wayne Gault
15:15:53 INF [action11 _call_di 1620] Calling direct TreesUI List API: https://www.ancestry.co.uk/api/treesui-list/trees/175946702/persons?sort=sname%2Cgname&limit=100&fields=NAMES%2CEVENTS%2CGENDER&fn=fraser
15:15:55 WAR [action11 _handle_ 2084] Detailed data fetched, but essential relationship IDs (PersonId/TreeId or UserId) missing. Relationship calculation will be skipped.
15:15:55 ERR [action11 _handle_ 2218] Cannot calculate relationship for Fraser Gault. Conditions not met or essential IDs missing (Source: Detailed Fetch Failed (Missing IDs)). See previous debug logs for ID values.
15:15:55 INF [action11 main     2320] --- Action 11 finished successfully ---
15:17:28 INF [action11 <module> 2387] Starting action11.py as standalone script
                                      
15:17:38 INF [utils    _perform 1403] Readiness checks PASSED on attempt 1.
15:17:38 INF [utils    _retriev 1690] My profile id: 07BDD45E-0006-0000-0000-000000000000
15:17:40 INF [utils    _retriev 1704] My uuid: FB609BA5-5A0D-46EE-BF18-C300D8DE5AB7
15:17:41 INF [utils    _retriev 1724] My tree id: 175946702
15:17:42 INF [utils    _retriev 1771] Tree owner name: Wayne Gault
15:17:47 INF [action11 _call_di 1620] Calling direct TreesUI List API: https://www.ancestry.co.uk/api/treesui-list/trees/175946702/persons?sort=sname%2Cgname&limit=100&fields=NAMES%2CEVENTS%2CGENDER&fn=fraser
15:17:48 WAR [action11 _handle_ 2087] Detailed data fetched, but essential relationship IDs (PersonId/TreeId or UserId) missing. Will attempt fallback.
15:17:48 INF [action11 _display 1428] Calculating Tree relationship path for Fraser Gault (102281560744) to Wayne Gault (175946702)
15:17:49 INF [action11 main     2365] --- Action 11 finished successfully ---
16:51:59 INF [action11 <module> 2438] Starting action11.py as standalone script
                                      
16:52:10 INF [utils    _perform 1403] Readiness checks PASSED on attempt 1.
16:52:10 INF [utils    _retriev 1690] My profile id: 07BDD45E-0006-0000-0000-000000000000
16:52:12 INF [utils    _retriev 1704] My uuid: FB609BA5-5A0D-46EE-BF18-C300D8DE5AB7
16:52:13 INF [utils    _retriev 1724] My tree id: 175946702
16:52:14 INF [utils    _retriev 1771] Tree owner name: Wayne Gault
16:52:20 INF [action11 _call_di 1620] Calling direct TreesUI List API: https://www.ancestry.co.uk/api/treesui-list/trees/175946702/persons?sort=sname%2Cgname&limit=100&fields=NAMES%2CEVENTS%2CGENDER&fn=fraser
16:52:22 WAR [action11 _handle_ 2088] Detailed data fetched, but essential relationship IDs missing. Will attempt fallback.
16:52:22 INF [action11 _handle_ 2206] Attempting relationship calculation via Tree Ladder (/getladder)...
16:52:23 INF [action11 _handle_ 2297] Successfully displayed relationship path using Tree Ladder (/getladder).
16:52:23 INF [action11 main     2416] --- Action 11 finished successfully ---
16:54:12 INF [action11 <module> 2440] Starting action11.py as standalone script
                                      
16:54:21 INF [utils    _perform 1403] Readiness checks PASSED on attempt 1.
16:54:22 INF [utils    _retriev 1690] My profile id: 07BDD45E-0006-0000-0000-000000000000
16:54:23 INF [utils    _retriev 1704] My uuid: FB609BA5-5A0D-46EE-BF18-C300D8DE5AB7
16:54:24 INF [utils    _retriev 1724] My tree id: 175946702
16:54:25 INF [utils    _retriev 1771] Tree owner name: Wayne Gault
16:54:32 INF [action11 _call_di 1620] Calling direct TreesUI List API: https://www.ancestry.co.uk/api/treesui-list/trees/175946702/persons?sort=sname%2Cgname&limit=100&fields=NAMES%2CEVENTS%2CGENDER&fn=fraser
16:54:36 INF [action11 _handle_ 2302] Successfully displayed relationship path using Tree Ladder (/getladder).
16:54:36 INF [action11 main     2418] --- Action 11 finished successfully ---
16:59:03 INF [action11 <module> 2440] Starting action11.py as standalone script
                                      
16:59:08 INF [action11 <module> 2440] Starting action11.py as standalone script
                                      
16:59:18 INF [utils    _perform 1403] Readiness checks PASSED on attempt 1.
16:59:19 INF [utils    _retriev 1690] My profile id: 07BDD45E-0006-0000-0000-000000000000
16:59:20 INF [utils    _retriev 1704] My uuid: FB609BA5-5A0D-46EE-BF18-C300D8DE5AB7
16:59:21 INF [utils    _retriev 1724] My tree id: 175946702
16:59:22 INF [utils    _retriev 1771] Tree owner name: Wayne Gault
16:59:51 INF [action11 main     2418] --- Action 11 finished successfully ---
17:03:36 INF [action11 <module> 2440] Starting action11.py as standalone script
                                      
17:03:45 INF [utils    _perform 1403] Readiness checks PASSED on attempt 1.
17:03:46 INF [utils    _retriev 1690] My profile id: 07BDD45E-0006-0000-0000-000000000000
17:03:47 INF [utils    _retriev 1704] My uuid: FB609BA5-5A0D-46EE-BF18-C300D8DE5AB7
17:03:48 INF [utils    _retriev 1724] My tree id: 175946702
17:03:49 INF [utils    _retriev 1771] Tree owner name: Wayne Gault
17:04:19 INF [action11 main     2418] --- Action 11 finished successfully ---
17:04:58 INF [action11 <module> 2440] Starting action11.py as standalone script
                                      
17:05:07 INF [utils    _perform 1403] Readiness checks PASSED on attempt 1.
17:05:08 INF [utils    _retriev 1690] My profile id: 07BDD45E-0006-0000-0000-000000000000
17:05:09 INF [utils    _retriev 1704] My uuid: FB609BA5-5A0D-46EE-BF18-C300D8DE5AB7
17:05:10 INF [utils    _retriev 1724] My tree id: 175946702
17:05:11 INF [utils    _retriev 1771] Tree owner name: Wayne Gault
17:05:35 INF [action11 main     2418] --- Action 11 finished successfully ---
17:06:07 INF [action11 <module> 2440] Starting action11.py as standalone script
                                      
17:06:16 INF [utils    _perform 1403] Readiness checks PASSED on attempt 1.
17:06:17 INF [utils    _retriev 1690] My profile id: 07BDD45E-0006-0000-0000-000000000000
17:06:18 INF [utils    _retriev 1704] My uuid: FB609BA5-5A0D-46EE-BF18-C300D8DE5AB7
17:06:19 INF [utils    _retriev 1724] My tree id: 175946702
17:06:20 INF [utils    _retriev 1771] Tree owner name: Wayne Gault
17:06:55 WAR [action11 _get_sea 338 ] Could not parse input birth year/date: 'yyyy'
17:06:59 INF [action11 main     2418] --- Action 11 finished successfully ---
17:07:45 INF [action11 <module> 2440] Starting action11.py as standalone script
                                      
17:07:55 INF [utils    _perform 1403] Readiness checks PASSED on attempt 1.
17:07:55 INF [utils    _retriev 1690] My profile id: 07BDD45E-0006-0000-0000-000000000000
17:07:57 INF [utils    _retriev 1704] My uuid: FB609BA5-5A0D-46EE-BF18-C300D8DE5AB7
17:07:58 INF [utils    _retriev 1724] My tree id: 175946702
17:07:59 INF [utils    _retriev 1771] Tree owner name: Wayne Gault
17:08:22 INF [action11 main     2418] --- Action 11 finished successfully ---
17:09:18 INF [action11 <module> 2440] Starting action11.py as standalone script
                                      
17:09:28 INF [utils    _perform 1403] Readiness checks PASSED on attempt 1.
17:09:29 INF [utils    _retriev 1690] My profile id: 07BDD45E-0006-0000-0000-000000000000
17:09:30 INF [utils    _retriev 1704] My uuid: FB609BA5-5A0D-46EE-BF18-C300D8DE5AB7
17:09:30 INF [utils    _retriev 1724] My tree id: 175946702
17:09:32 INF [utils    _retriev 1771] Tree owner name: Wayne Gault
17:09:56 INF [action11 main     2418] --- Action 11 finished successfully ---
17:11:00 INF [action11 <module> 2440] Starting action11.py as standalone script
                                      
17:11:10 INF [utils    _perform 1403] Readiness checks PASSED on attempt 1.
17:11:11 INF [utils    _retriev 1690] My profile id: 07BDD45E-0006-0000-0000-000000000000
17:11:12 INF [utils    _retriev 1704] My uuid: FB609BA5-5A0D-46EE-BF18-C300D8DE5AB7
17:11:12 INF [utils    _retriev 1724] My tree id: 175946702
17:11:13 INF [utils    _retriev 1771] Tree owner name: Wayne Gault
17:11:38 INF [action11 main     2418] --- Action 11 finished successfully ---
17:11:49 INF [action11 <module> 2440] Starting action11.py as standalone script
                                      
17:11:59 INF [utils    _perform 1403] Readiness checks PASSED on attempt 1.
17:12:00 INF [utils    _retriev 1690] My profile id: 07BDD45E-0006-0000-0000-000000000000
17:12:01 INF [utils    _retriev 1704] My uuid: FB609BA5-5A0D-46EE-BF18-C300D8DE5AB7
17:12:02 INF [utils    _retriev 1724] My tree id: 175946702
17:12:04 INF [utils    _retriev 1771] Tree owner name: Wayne Gault
17:12:26 INF [action11 main     2418] --- Action 11 finished successfully ---
17:12:50 INF [action11 <module> 2440] Starting action11.py as standalone script
                                      
17:13:00 INF [utils    _perform 1403] Readiness checks PASSED on attempt 1.
17:13:01 INF [utils    _retriev 1690] My profile id: 07BDD45E-0006-0000-0000-000000000000
17:13:02 INF [utils    _retriev 1704] My uuid: FB609BA5-5A0D-46EE-BF18-C300D8DE5AB7
17:13:03 INF [utils    _retriev 1724] My tree id: 175946702
17:13:04 INF [utils    _retriev 1771] Tree owner name: Wayne Gault
17:13:22 INF [action11 <module> 2439] Starting action11.py as standalone script
                                      
17:13:30 INF [utils    _perform 1403] Readiness checks PASSED on attempt 1.
17:13:31 INF [utils    _retriev 1690] My profile id: 07BDD45E-0006-0000-0000-000000000000
17:13:32 INF [utils    _retriev 1704] My uuid: FB609BA5-5A0D-46EE-BF18-C300D8DE5AB7
17:13:39 INF [action11 <module> 2439] Starting action11.py as standalone script
                                      
17:13:48 INF [utils    _perform 1403] Readiness checks PASSED on attempt 1.
17:13:49 INF [utils    _retriev 1690] My profile id: 07BDD45E-0006-0000-0000-000000000000
17:13:50 INF [utils    _retriev 1704] My uuid: FB609BA5-5A0D-46EE-BF18-C300D8DE5AB7
17:13:51 INF [utils    _retriev 1724] My tree id: 175946702
17:13:52 INF [utils    _retriev 1771] Tree owner name: Wayne Gault
17:14:33 INF [action11 main     2417] --- Action 11 finished successfully ---
17:15:07 INF [action11 <module> 2445] Starting action11.py as standalone script
                                      
17:15:16 INF [utils    _perform 1403] Readiness checks PASSED on attempt 1.
17:15:17 INF [utils    _retriev 1690] My profile id: 07BDD45E-0006-0000-0000-000000000000
17:15:18 INF [utils    _retriev 1704] My uuid: FB609BA5-5A0D-46EE-BF18-C300D8DE5AB7
17:15:19 INF [utils    _retriev 1724] My tree id: 175946702
17:15:20 INF [utils    _retriev 1771] Tree owner name: Wayne Gault
17:15:53 INF [action11 _handle_ 1743] API Search returned no results.No potential matches found.
17:15:53 INF [action11 main     2423] --- Action 11 finished successfully ---
17:16:03 INF [action11 <module> 2445] Starting action11.py as standalone script
                                      
17:16:12 INF [utils    _perform 1403] Readiness checks PASSED on attempt 1.
17:16:13 INF [utils    _retriev 1690] My profile id: 07BDD45E-0006-0000-0000-000000000000
17:16:14 INF [utils    _retriev 1704] My uuid: FB609BA5-5A0D-46EE-BF18-C300D8DE5AB7
17:16:15 INF [utils    _retriev 1724] My tree id: 175946702
17:16:16 INF [utils    _retriev 1771] Tree owner name: Wayne Gault
17:16:39 INF [action11 main     2423] --- Action 11 finished successfully ---
17:20:59 INF [action11 <module> 2450] Starting action11.py as standalone script
                                      
17:21:09 INF [utils    _perform 1403] Readiness checks PASSED on attempt 1.
17:21:09 INF [utils    _retriev 1690] My profile id: 07BDD45E-0006-0000-0000-000000000000
17:21:11 INF [utils    _retriev 1704] My uuid: FB609BA5-5A0D-46EE-BF18-C300D8DE5AB7
17:21:12 INF [utils    _retriev 1724] My tree id: 175946702
17:21:12 INF [utils    _retriev 1771] Tree owner name: Wayne Gault
17:21:45 INF [action11 main     2428] --- Action 11 finished successfully ---
19:14:59 INF [action11 <module> 2452] Starting action11.py as standalone script
                                      
19:15:09 INF [utils    _perform 1403] Readiness checks PASSED on attempt 1.
19:15:10 INF [utils    _retriev 1690] My profile id: 07BDD45E-0006-0000-0000-000000000000
19:15:11 INF [utils    _retriev 1704] My uuid: FB609BA5-5A0D-46EE-BF18-C300D8DE5AB7
19:15:12 INF [utils    _retriev 1724] My tree id: 175946702
19:15:13 INF [utils    _retriev 1771] Tree owner name: Wayne Gault
19:18:25 INF [action11 <module> 2452] Starting action11.py as standalone script
                                      
19:19:08 ERR [utils    nav_to_p 5171] WebDriverException during navigation (Attempt 1): Message: timeout: Timed out receiving message from renderer: -0.006
                                      (Session info: chrome=136.0.7103.49)
                                      Stacktrace:
                                      GetHandleVerifier [0x0106FBD3+61635]
                                      GetHandleVerifier [0x0106FC14+61700]
                                      (No symbol) [0x00E905D3]
                                      (No symbol) [0x00E8116B]
                                      (No symbol) [0x00E80EA1]
                                      (No symbol) [0x00E7EE80]
                                      (No symbol) [0x00E7F93D]
                                      (No symbol) [0x00E8C049]
                                      (No symbol) [0x00E9D6C5]
                                      (No symbol) [0x00EA30E6]
                                      (No symbol) [0x00E7FF4D]
                                      (No symbol) [0x00E9D461]
                                      (No symbol) [0x00F1E52A]
                                      (No symbol) [0x00EFD096]
                                      (No symbol) [0x00ECC840]
                                      (No symbol) [0x00ECD6A4]
                                      GetHandleVerifier [0x012B7043+2450739]
                                      GetHandleVerifier [0x012B27C6+2432182]
                                      GetHandleVerifier [0x012CD50E+2542078]
                                      GetHandleVerifier [0x01086895+155013]
                                      GetHandleVerifier [0x0108CF7D+181357]
                                      GetHandleVerifier [0x01077428+92440]
                                      GetHandleVerifier [0x010775D0+92864]
                                      GetHandleVerifier [0x01061FC0+5296]
                                      BaseThreadInitThunk [0x76335D49+25]
                                      RtlInitializeExceptionChain [0x7732CFFB+107]
                                      RtlGetAppContainerNamedObjectPath [0x7732CF81+561]
                                      
19:19:08 WAR [utils    nav_to_p 5189] WebDriverException occurred, session seems valid or no restart possible. Waiting before retry.
20:00:47 INF [action11 <module> 2452] Starting action11.py as standalone script
                                      
20:00:57 INF [utils    _perform 1403] Readiness checks PASSED on attempt 1.
20:00:57 INF [utils    _retriev 1690] My profile id: 07BDD45E-0006-0000-0000-000000000000
20:00:59 INF [utils    _retriev 1704] My uuid: FB609BA5-5A0D-46EE-BF18-C300D8DE5AB7
20:01:00 INF [utils    _retriev 1724] My tree id: 175946702
20:01:01 INF [utils    _retriev 1771] Tree owner name: Wayne Gault
20:01:19 INF [action11 main     2430] --- Action 11 finished successfully ---
20:14:56 INF [action11 <module> 2467] Starting action11.py as standalone script
                                      
20:15:06 INF [utils    _perform 1403] Readiness checks PASSED on attempt 1.
20:15:07 INF [utils    _retriev 1690] My profile id: 07BDD45E-0006-0000-0000-000000000000
20:15:08 INF [utils    _retriev 1704] My uuid: FB609BA5-5A0D-46EE-BF18-C300D8DE5AB7
20:15:09 INF [utils    _retriev 1724] My tree id: 175946702
20:15:10 INF [utils    _retriev 1771] Tree owner name: Wayne Gault
20:40:31 INF [action11 <module> 2467] Starting action11.py as standalone script
                                      
20:40:41 INF [utils    _perform 1403] Readiness checks PASSED on attempt 1.
20:40:42 INF [utils    _retriev 1690] My profile id: 07BDD45E-0006-0000-0000-000000000000
20:40:43 INF [utils    _retriev 1704] My uuid: FB609BA5-5A0D-46EE-BF18-C300D8DE5AB7
20:40:44 INF [utils    _retriev 1724] My tree id: 175946702
20:40:45 INF [utils    _retriev 1771] Tree owner name: Wayne Gault
20:41:07 INF [action11 main     2445] --- Action 11 finished successfully ---
20:46:41 INF [action11 <module> 2467] Starting action11.py as standalone script
                                      
20:46:52 INF [utils    _perform 1403] Readiness checks PASSED on attempt 1.
20:46:53 INF [utils    _retriev 1690] My profile id: 07BDD45E-0006-0000-0000-000000000000
20:46:54 INF [utils    _retriev 1704] My uuid: FB609BA5-5A0D-46EE-BF18-C300D8DE5AB7
20:46:55 INF [utils    _retriev 1724] My tree id: 175946702
20:46:56 INF [utils    _retriev 1771] Tree owner name: Wayne Gault
20:48:32 INF [action11 <module> 2467] Starting action11.py as standalone script
                                      
20:48:40 INF [utils    _perform 1403] Readiness checks PASSED on attempt 1.
20:48:41 INF [utils    _retriev 1690] My profile id: 07BDD45E-0006-0000-0000-000000000000
20:48:42 INF [utils    _retriev 1704] My uuid: FB609BA5-5A0D-46EE-BF18-C300D8DE5AB7
20:48:43 INF [utils    _retriev 1724] My tree id: 175946702
20:48:44 INF [utils    _retriev 1771] Tree owner name: Wayne Gault
20:53:01 INF [action11 <module> 2467] Starting action11.py as standalone script
                                      
20:53:09 INF [utils    _perform 1403] Readiness checks PASSED on attempt 1.
20:53:10 INF [utils    _retriev 1690] My profile id: 07BDD45E-0006-0000-0000-000000000000
20:53:11 INF [utils    _retriev 1704] My uuid: FB609BA5-5A0D-46EE-BF18-C300D8DE5AB7
20:53:12 INF [utils    _retriev 1724] My tree id: 175946702
20:53:13 INF [utils    _retriev 1771] Tree owner name: Wayne Gault
21:23:21 INF [action11 <module> 2467] Starting action11.py as standalone script
                                      
21:23:28 INF [utils    _perform 1403] Readiness checks PASSED on attempt 1.
21:23:29 INF [utils    _retriev 1690] My profile id: 07BDD45E-0006-0000-0000-000000000000
21:23:30 INF [utils    _retriev 1704] My uuid: FB609BA5-5A0D-46EE-BF18-C300D8DE5AB7
21:23:31 INF [utils    _retriev 1724] My tree id: 175946702
21:23:32 INF [utils    _retriev 1771] Tree owner name: Wayne Gault
21:24:08 INF [action11 _handle_ 1747] API Search returned no results.No potential matches found.
21:24:08 INF [action11 main     2445] --- Action 11 finished successfully ---
21:25:13 INF [action11 <module> 2467] Starting action11.py as standalone script
                                      
21:25:23 INF [utils    _perform 1403] Readiness checks PASSED on attempt 1.
21:25:23 INF [utils    _retriev 1690] My profile id: 07BDD45E-0006-0000-0000-000000000000
21:25:24 INF [utils    _retriev 1704] My uuid: FB609BA5-5A0D-46EE-BF18-C300D8DE5AB7
21:25:25 INF [utils    _retriev 1724] My tree id: 175946702
21:25:26 INF [utils    _retriev 1771] Tree owner name: Wayne Gault
21:26:19 INF [action11 main     2445] --- Action 11 finished successfully ---
21:50:40 INF [action11 <module> 2467] Starting action11.py as standalone script
                                      
21:50:50 INF [utils    _perform 1403] Readiness checks PASSED on attempt 1.
21:50:51 INF [utils    _retriev 1690] My profile id: 07BDD45E-0006-0000-0000-000000000000
21:50:52 INF [utils    _retriev 1704] My uuid: FB609BA5-5A0D-46EE-BF18-C300D8DE5AB7
21:50:53 INF [utils    _retriev 1724] My tree id: 175946702
21:50:53 INF [utils    _retriev 1771] Tree owner name: Wayne Gault
21:59:38 INF [action11 main     2445] --- Action 11 finished successfully ---
22:00:59 INF [action11 <module> 2467] Starting action11.py as standalone script
                                      
22:01:09 INF [utils    _perform 1403] Readiness checks PASSED on attempt 1.
22:01:10 INF [utils    _retriev 1690] My profile id: 07BDD45E-0006-0000-0000-000000000000
22:01:11 INF [utils    _retriev 1704] My uuid: FB609BA5-5A0D-46EE-BF18-C300D8DE5AB7
22:01:12 INF [utils    _retriev 1724] My tree id: 175946702
22:01:13 INF [utils    _retriev 1771] Tree owner name: Wayne Gault
22:01:50 INF [action11 main     2445] --- Action 11 finished successfully ---
22:06:15 INF [action11 <module> 2467] Starting action11.py as standalone script
                                      
22:06:25 INF [utils    _perform 1403] Readiness checks PASSED on attempt 1.
22:06:26 INF [utils    _retriev 1690] My profile id: 07BDD45E-0006-0000-0000-000000000000
22:06:27 INF [utils    _retriev 1704] My uuid: FB609BA5-5A0D-46EE-BF18-C300D8DE5AB7
22:06:28 INF [utils    _retriev 1724] My tree id: 175946702
22:06:28 INF [utils    _retriev 1771] Tree owner name: Wayne Gault
22:10:13 INF [action11 <module> 2467] Starting action11.py as standalone script
                                      
22:10:24 INF [utils    _perform 1403] Readiness checks PASSED on attempt 1.
22:10:25 INF [utils    _retriev 1690] My profile id: 07BDD45E-0006-0000-0000-000000000000
22:10:26 INF [utils    _retriev 1704] My uuid: FB609BA5-5A0D-46EE-BF18-C300D8DE5AB7
22:10:26 INF [utils    _retriev 1724] My tree id: 175946702
22:10:27 INF [utils    _retriev 1771] Tree owner name: Wayne Gault
22:11:06 INF [action11 main     2445] --- Action 11 finished successfully ---
22:14:10 INF [action11 <module> 2467] Starting action11.py as standalone script
                                      
22:14:21 INF [utils    _perform 1403] Readiness checks PASSED on attempt 1.
22:14:22 INF [utils    _retriev 1690] My profile id: 07BDD45E-0006-0000-0000-000000000000
22:14:23 INF [utils    _retriev 1704] My uuid: FB609BA5-5A0D-46EE-BF18-C300D8DE5AB7
22:14:24 INF [utils    _retriev 1724] My tree id: 175946702
22:14:25 INF [utils    _retriev 1771] Tree owner name: Wayne Gault
22:16:57 INF [action11 main     2445] --- Action 11 finished successfully ---
22:17:46 INF [action11 <module> 2467] Starting action11.py as standalone script
                                      
22:17:58 INF [utils    _perform 1403] Readiness checks PASSED on attempt 1.
22:17:58 INF [utils    _retriev 1690] My profile id: 07BDD45E-0006-0000-0000-000000000000
22:18:00 INF [utils    _retriev 1704] My uuid: FB609BA5-5A0D-46EE-BF18-C300D8DE5AB7
22:18:00 INF [utils    _retriev 1724] My tree id: 175946702
22:18:01 INF [utils    _retriev 1771] Tree owner name: Wayne Gault
22:19:50 INF [action11 main     2445] --- Action 11 finished successfully ---
22:20:39 INF [action11 <module> 2467] Starting action11.py as standalone script
                                      
22:20:49 INF [utils    _perform 1403] Readiness checks PASSED on attempt 1.
22:20:49 INF [utils    _retriev 1690] My profile id: 07BDD45E-0006-0000-0000-000000000000
22:20:50 INF [utils    _retriev 1704] My uuid: FB609BA5-5A0D-46EE-BF18-C300D8DE5AB7
22:20:51 INF [utils    _retriev 1724] My tree id: 175946702
22:20:52 INF [utils    _retriev 1771] Tree owner name: Wayne Gault
22:21:27 INF [action11 main     2445] --- Action 11 finished successfully ---
22:22:27 INF [action11 <module> 2467] Starting action11.py as standalone script
                                      
22:22:38 INF [utils    _perform 1403] Readiness checks PASSED on attempt 1.
22:22:39 INF [utils    _retriev 1690] My profile id: 07BDD45E-0006-0000-0000-000000000000
22:22:40 INF [utils    _retriev 1704] My uuid: FB609BA5-5A0D-46EE-BF18-C300D8DE5AB7
22:22:41 INF [utils    _retriev 1724] My tree id: 175946702
22:22:42 INF [utils    _retriev 1771] Tree owner name: Wayne Gault
22:28:20 INF [action11 _handle_ 1747] API Search returned no results.No potential matches found.
22:28:20 INF [action11 main     2445] --- Action 11 finished successfully ---
22:28:28 INF [action11 <module> 2467] Starting action11.py as standalone script
                                      
22:28:38 INF [utils    _perform 1403] Readiness checks PASSED on attempt 1.
22:28:39 INF [utils    _retriev 1690] My profile id: 07BDD45E-0006-0000-0000-000000000000
22:28:40 INF [utils    _retriev 1704] My uuid: FB609BA5-5A0D-46EE-BF18-C300D8DE5AB7
22:28:41 INF [utils    _retriev 1724] My tree id: 175946702
22:28:41 INF [utils    _retriev 1771] Tree owner name: Wayne Gault
22:29:19 INF [action11 main     2445] --- Action 11 finished successfully ---
22:30:39 INF [action11 <module> 2467] Starting action11.py as standalone script
                                      
22:30:49 INF [utils    _perform 1403] Readiness checks PASSED on attempt 1.
22:30:50 INF [utils    _retriev 1690] My profile id: 07BDD45E-0006-0000-0000-000000000000
22:30:51 INF [utils    _retriev 1704] My uuid: FB609BA5-5A0D-46EE-BF18-C300D8DE5AB7
22:30:52 INF [utils    _retriev 1724] My tree id: 175946702
22:30:53 INF [utils    _retriev 1771] Tree owner name: Wayne Gault
22:31:45 INF [action11 main     2445] --- Action 11 finished successfully ---
22:33:02 INF [action11 <module> 2467] Starting action11.py as standalone script
                                      
22:33:12 INF [utils    _perform 1403] Readiness checks PASSED on attempt 1.
22:33:13 INF [utils    _retriev 1690] My profile id: 07BDD45E-0006-0000-0000-000000000000
22:33:14 INF [utils    _retriev 1704] My uuid: FB609BA5-5A0D-46EE-BF18-C300D8DE5AB7
22:33:15 INF [utils    _retriev 1724] My tree id: 175946702
22:33:16 INF [utils    _retriev 1771] Tree owner name: Wayne Gault
22:38:50 INF [action11 main     2445] --- Action 11 finished successfully ---
22:39:48 INF [action11 <module> 2467] Starting action11.py as standalone script
                                      
22:39:58 INF [utils    _perform 1403] Readiness checks PASSED on attempt 1.
22:39:59 INF [utils    _retriev 1690] My profile id: 07BDD45E-0006-0000-0000-000000000000
22:40:00 INF [utils    _retriev 1704] My uuid: FB609BA5-5A0D-46EE-BF18-C300D8DE5AB7
22:40:01 INF [utils    _retriev 1724] My tree id: 175946702
22:40:02 INF [utils    _retriev 1771] Tree owner name: Wayne Gault
22:41:38 INF [action11 main     2445] --- Action 11 finished successfully ---
22:42:36 INF [action11 <module> 2467] Starting action11.py as standalone script
                                      
22:42:46 INF [utils    _perform 1403] Readiness checks PASSED on attempt 1.
22:42:46 INF [utils    _retriev 1690] My profile id: 07BDD45E-0006-0000-0000-000000000000
22:42:47 INF [utils    _retriev 1704] My uuid: FB609BA5-5A0D-46EE-BF18-C300D8DE5AB7
22:42:48 INF [utils    _retriev 1724] My tree id: 175946702
22:42:49 INF [utils    _retriev 1771] Tree owner name: Wayne Gault
22:45:08 INF [action11 main     2445] --- Action 11 finished successfully ---
22:48:07 INF [action11 <module> 2467] Starting action11.py as standalone script
                                      
22:48:17 INF [utils    _perform 1403] Readiness checks PASSED on attempt 1.
22:48:18 INF [utils    _retriev 1690] My profile id: 07BDD45E-0006-0000-0000-000000000000
22:48:19 INF [utils    _retriev 1704] My uuid: FB609BA5-5A0D-46EE-BF18-C300D8DE5AB7
22:48:20 INF [utils    _retriev 1724] My tree id: 175946702
22:48:20 INF [utils    _retriev 1771] Tree owner name: Wayne Gault
22:48:48 INF [action11 main     2445] --- Action 11 finished successfully ---
