15:52:02 INF [action8_ <module> 185 ] Action 8 Initializing: APP_MODE is testing
15:52:02 INF [action8_ <module> 196 ] Action 8 Using minimum message interval: 0:00:10
15:52:02 CRI [action8_ load_mes 245 ] CRITICAL: messages.json content is not a valid dictionary of strings.
15:52:02 CRI [action8_ <module> 288 ] Essential message templates failed to load. Cannot proceed reliably.
15:52:11 INF [performa register 342 ] Registered health check: database
15:52:11 INF [performa register 342 ] Registered health check: memory
15:52:11 INF [performa register 342 ] Registered health check: disk
15:52:11 INF [utils    <module> 156 ] Performance monitoring functions imported successfully
20:58:46 INF [action8_ <module> 185 ] Action 8 Initializing: APP_MODE is testing
20:58:46 INF [action8_ <module> 196 ] Action 8 Using minimum message interval: 0:00:10
20:58:46 CRI [action8_ load_mes 245 ] CRITICAL: messages.json content is not a valid dictionary of strings.
20:58:46 CRI [action8_ <module> 288 ] Essential message templates failed to load. Cannot proceed reliably.
20:58:54 INF [performa register 342 ] Registered health check: database
20:58:54 INF [performa register 342 ] Registered health check: memory
20:58:54 INF [performa register 342 ] Registered health check: disk
20:58:54 INF [utils    <module> 156 ] Performance monitoring functions imported successfully
22:13:28 INF [action8_ <module> 185 ] Action 8 Initializing: APP_MODE is testing
22:13:28 INF [action8_ <module> 196 ] Action 8 Using minimum message interval: 0:00:10
22:13:28 CRI [action8_ load_mes 245 ] CRITICAL: messages.json content is not a valid dictionary of strings.
22:13:28 CRI [action8_ <module> 288 ] Essential message templates failed to load. Cannot proceed reliably.
22:13:37 INF [performa register 342 ] Registered health check: database
22:13:37 INF [performa register 342 ] Registered health check: memory
22:13:37 INF [performa register 342 ] Registered health check: disk
22:13:37 INF [utils    <module> 156 ] Performance monitoring functions imported successfully
22:16:21 INF [action8_ <module> 185 ] Action 8 Initializing: APP_MODE is testing
22:16:21 INF [action8_ <module> 196 ] Action 8 Using minimum message interval: 0:00:10
22:16:21 CRI [action8_ load_mes 245 ] CRITICAL: messages.json content is not a valid dictionary of strings.
22:16:21 CRI [action8_ <module> 288 ] Essential message templates failed to load. Cannot proceed reliably.
22:16:29 INF [performa register 342 ] Registered health check: database
22:16:29 INF [performa register 342 ] Registered health check: memory
22:16:29 INF [performa register 342 ] Registered health check: disk
22:16:29 INF [utils    <module> 156 ] Performance monitoring functions imported successfully
22:39:08 INF [action8_ <module> 185 ] Action 8 Initializing: APP_MODE is testing
22:39:08 INF [action8_ <module> 196 ] Action 8 Using minimum message interval: 0:00:10
22:39:08 CRI [action8_ load_mes 245 ] CRITICAL: messages.json content is not a valid dictionary of strings.
22:39:08 CRI [action8_ <module> 288 ] Essential message templates failed to load. Cannot proceed reliably.
22:39:17 INF [performa register 342 ] Registered health check: database
22:39:17 INF [performa register 342 ] Registered health check: memory
22:39:17 INF [performa register 342 ] Registered health check: disk
22:39:17 INF [utils    <module> 156 ] Performance monitoring functions imported successfully
22:44:55 INF [action8_ <module> 185 ] Action 8 Initializing: APP_MODE is testing
22:44:55 INF [action8_ <module> 196 ] Action 8 Using minimum message interval: 0:00:10
22:44:55 CRI [action8_ load_mes 245 ] CRITICAL: messages.json content is not a valid dictionary of strings.
22:44:55 CRI [action8_ <module> 288 ] Essential message templates failed to load. Cannot proceed reliably.
22:45:04 INF [performa register 342 ] Registered health check: database
22:45:04 INF [performa register 342 ] Registered health check: memory
22:45:04 INF [performa register 342 ] Registered health check: disk
22:45:04 INF [utils    <module> 156 ] Performance monitoring functions imported successfully
